[2020-12-01 09:54:02] local.DEBUG: SQL {"sql":"select * from `users` where `email` = 's.ryu1135@gmail.com' and `users`.`deleted_at` is null limit 1","time":"63.78 ms"} 
[2020-12-01 09:54:03] local.DEBUG: SQL {"sql":"select * from `users` where `id` = 1 and `users`.`deleted_at` is null limit 1","time":"34.68 ms"} 
[2020-12-01 09:54:04] local.DEBUG: SQL {"sql":"select * from `users` where `id` = 1 and `users`.`deleted_at` is null limit 1","time":"11.69 ms"} 
[2020-12-01 09:54:04] local.DEBUG: SQL {"sql":"select * from `users` where `id` = 1 and `users`.`deleted_at` is null limit 1","time":"6.87 ms"} 
[2020-12-01 09:54:04] local.DEBUG: SQL {"sql":"select * from `categories`","time":"16 ms"} 
[2020-12-01 09:54:04] local.DEBUG: SQL {"sql":"select * from `steps` where `steps`.`deleted_at` is null order by `created_at` desc limit 10 offset 0","time":"9.14 ms"} 
[2020-12-01 09:54:04] local.DEBUG: SQL {"sql":"select * from `users` where `users`.`id` in (1) and `users`.`deleted_at` is null","time":"0.96 ms"} 
[2020-12-01 09:54:04] local.DEBUG: SQL {"sql":"select * from `categories` where `categories`.`id` in (2, 3)","time":"1.33 ms"} 
[2020-12-01 09:54:04] local.DEBUG: SQL {"sql":"select * from `challenges` where `challenges`.`step_id` in (1, 2, 3) and `user_id` = 1","time":"8.57 ms"} 
[2020-12-01 09:54:04] local.DEBUG: SQL {"sql":"select * from `clears` where `clears`.`step_id` in (1, 2, 3) and `user_id` = 1","time":"16.16 ms"} 
[2020-12-01 09:54:05] local.DEBUG: SQL {"sql":"select * from `users` where `id` = 1 and `users`.`deleted_at` is null limit 1","time":"19.58 ms"} 
[2020-12-01 09:54:05] local.DEBUG: SQL {"sql":"select * from `steps` where `steps`.`deleted_at` is null order by `created_at` desc limit 10 offset 3","time":"4.32 ms"} 
[2020-12-01 09:54:39] local.DEBUG: SQL {"sql":"select * from `users` where `id` = 1 and `users`.`deleted_at` is null limit 1","time":"4.76 ms"} 
[2020-12-01 09:54:39] local.DEBUG: SQL {"sql":"select `users`.*, `relations`.`user_id` as `pivot_user_id`, `relations`.`followed_id` as `pivot_followed_id` from `users` inner join `relations` on `users`.`id` = `relations`.`followed_id` where `relations`.`user_id` in (1) and `users`.`deleted_at` is null","time":"3.29 ms"} 
[2020-12-01 09:54:39] local.DEBUG: SQL {"sql":"select `users`.*, `relations`.`followed_id` as `pivot_followed_id`, `relations`.`user_id` as `pivot_user_id` from `users` inner join `relations` on `users`.`id` = `relations`.`user_id` where `relations`.`followed_id` in (1) and `users`.`deleted_at` is null","time":"1.07 ms"} 
[2020-12-01 09:54:41] local.DEBUG: SQL {"sql":"select * from `users` where `id` = 1 and `users`.`deleted_at` is null limit 1","time":"20.38 ms"} 
[2020-12-01 09:54:41] local.DEBUG: SQL {"sql":"select * from `steps` where `steps`.`user_id` = 1 and `steps`.`user_id` is not null and `steps`.`deleted_at` is null order by `created_at` desc limit 10 offset 0","time":"1.78 ms"} 
[2020-12-01 09:54:41] local.DEBUG: SQL {"sql":"select * from `categories` where `categories`.`id` in (2, 3)","time":"2.78 ms"} 
[2020-12-01 09:54:41] local.DEBUG: SQL {"sql":"select * from `users` where `users`.`id` in (1) and `users`.`deleted_at` is null","time":"1.48 ms"} 
[2020-12-01 09:55:26] local.DEBUG: SQL {"sql":"select * from `users` where `id` = 1 and `users`.`deleted_at` is null limit 1","time":"6.3 ms"} 
[2020-12-01 09:55:26] local.DEBUG: SQL {"sql":"select * from `steps` where `steps`.`user_id` = 1 and `steps`.`user_id` is not null and `steps`.`deleted_at` is null order by `created_at` desc limit 10 offset 3","time":"1.59 ms"} 
[2020-12-01 09:55:29] local.DEBUG: SQL {"sql":"select * from `users` where `id` = 1 and `users`.`deleted_at` is null limit 1","time":"4.51 ms"} 
[2020-12-01 09:55:29] local.DEBUG: SQL {"sql":"select `steps`.*, (select count(*) from `achievements` inner join `stages` on `stages`.`id` = `achievements`.`stage_id` where `steps`.`id` = `stages`.`step_id` and `achievements`.`user_id` = 1) as `achievements_count`, (select count(*) from `stages` where `steps`.`id` = `stages`.`step_id`) as `stages_count`, `challenges`.`user_id` as `pivot_user_id`, `challenges`.`step_id` as `pivot_step_id` from `steps` inner join `challenges` on `steps`.`id` = `challenges`.`step_id` where `challenges`.`user_id` = 1 and `steps`.`deleted_at` is null order by `created_at` desc limit 10 offset 0","time":"6.87 ms"} 
[2020-12-01 09:55:29] local.DEBUG: SQL {"sql":"select * from `users` where `users`.`id` in (1) and `users`.`deleted_at` is null","time":"1.51 ms"} 
[2020-12-01 09:55:29] local.DEBUG: SQL {"sql":"select * from `categories` where `categories`.`id` in (2)","time":"3.98 ms"} 
[2020-12-01 09:55:29] local.DEBUG: SQL {"sql":"select * from `users` where `id` = 1 and `users`.`deleted_at` is null limit 1","time":"6.6 ms"} 
[2020-12-01 09:55:29] local.DEBUG: SQL {"sql":"select `steps`.*, (select count(*) from `achievements` inner join `stages` on `stages`.`id` = `achievements`.`stage_id` where `steps`.`id` = `stages`.`step_id` and `achievements`.`user_id` = 1) as `achievements_count`, (select count(*) from `stages` where `steps`.`id` = `stages`.`step_id`) as `stages_count`, `challenges`.`user_id` as `pivot_user_id`, `challenges`.`step_id` as `pivot_step_id` from `steps` inner join `challenges` on `steps`.`id` = `challenges`.`step_id` where `challenges`.`user_id` = 1 and `steps`.`deleted_at` is null order by `created_at` desc limit 10 offset 1","time":"2.59 ms"} 
[2020-12-01 09:55:33] local.DEBUG: SQL {"sql":"select * from `users` where `id` = 1 and `users`.`deleted_at` is null limit 1","time":"5.44 ms"} 
[2020-12-01 09:55:33] local.DEBUG: SQL {"sql":"select `steps`.*, `clears`.`user_id` as `pivot_user_id`, `clears`.`step_id` as `pivot_step_id` from `steps` inner join `clears` on `steps`.`id` = `clears`.`step_id` where `clears`.`user_id` = 1 and `steps`.`deleted_at` is null order by `created_at` desc limit 10 offset 0","time":"2 ms"} 
[2020-12-01 09:55:33] local.DEBUG: SQL {"sql":"select * from `users` where `users`.`id` in (1) and `users`.`deleted_at` is null","time":"0.79 ms"} 
[2020-12-01 09:55:33] local.DEBUG: SQL {"sql":"select * from `categories` where `categories`.`id` in (3)","time":"0.93 ms"} 
[2020-12-01 09:55:33] local.DEBUG: SQL {"sql":"select * from `users` where `id` = 1 and `users`.`deleted_at` is null limit 1","time":"6.92 ms"} 
[2020-12-01 09:55:33] local.DEBUG: SQL {"sql":"select `steps`.*, `clears`.`user_id` as `pivot_user_id`, `clears`.`step_id` as `pivot_step_id` from `steps` inner join `clears` on `steps`.`id` = `clears`.`step_id` where `clears`.`user_id` = 1 and `steps`.`deleted_at` is null order by `created_at` desc limit 10 offset 2","time":"1.17 ms"} 
[2020-12-01 09:55:38] local.DEBUG: SQL {"sql":"select * from `users` where `id` = 1 and `users`.`deleted_at` is null limit 1","time":"7.51 ms"} 
[2020-12-01 09:55:38] local.DEBUG: SQL {"sql":"select * from `steps` where `steps`.`user_id` = 1 and `steps`.`user_id` is not null and `steps`.`deleted_at` is null order by `created_at` desc limit 10 offset 3","time":"1.09 ms"} 
[2020-12-01 09:56:49] local.DEBUG: SQL {"sql":"select * from `users` where `id` = 1 and `users`.`deleted_at` is null limit 1","time":"6.7 ms"} 
[2020-12-01 09:56:49] local.DEBUG: SQL {"sql":"select `users`.*, `relations`.`user_id` as `pivot_user_id`, `relations`.`followed_id` as `pivot_followed_id` from `users` inner join `relations` on `users`.`id` = `relations`.`followed_id` where `relations`.`user_id` in (1) and `users`.`deleted_at` is null","time":"1.57 ms"} 
[2020-12-01 09:56:49] local.DEBUG: SQL {"sql":"select `users`.*, `relations`.`followed_id` as `pivot_followed_id`, `relations`.`user_id` as `pivot_user_id` from `users` inner join `relations` on `users`.`id` = `relations`.`user_id` where `relations`.`followed_id` in (1) and `users`.`deleted_at` is null","time":"1.49 ms"} 
[2020-12-01 09:56:52] local.DEBUG: SQL {"sql":"select * from `users` where `id` = 1 and `users`.`deleted_at` is null limit 1","time":"12.98 ms"} 
[2020-12-01 09:56:52] local.DEBUG: SQL {"sql":"select * from `steps` where `steps`.`user_id` = 1 and `steps`.`user_id` is not null and `steps`.`deleted_at` is null order by `created_at` desc limit 10 offset 0","time":"2.18 ms"} 
[2020-12-01 09:56:52] local.DEBUG: SQL {"sql":"select * from `categories` where `categories`.`id` in (2, 3)","time":"1.19 ms"} 
[2020-12-01 09:56:52] local.DEBUG: SQL {"sql":"select * from `users` where `users`.`id` in (1) and `users`.`deleted_at` is null","time":"1.11 ms"} 
[2020-12-01 09:57:58] local.DEBUG: SQL {"sql":"select * from `users` where `id` = 1 and `users`.`deleted_at` is null limit 1","time":"6.54 ms"} 
[2020-12-01 09:57:58] local.DEBUG: SQL {"sql":"select `users`.*, `relations`.`user_id` as `pivot_user_id`, `relations`.`followed_id` as `pivot_followed_id` from `users` inner join `relations` on `users`.`id` = `relations`.`followed_id` where `relations`.`user_id` in (1) and `users`.`deleted_at` is null","time":"1.34 ms"} 
[2020-12-01 09:57:58] local.DEBUG: SQL {"sql":"select `users`.*, `relations`.`followed_id` as `pivot_followed_id`, `relations`.`user_id` as `pivot_user_id` from `users` inner join `relations` on `users`.`id` = `relations`.`user_id` where `relations`.`followed_id` in (1) and `users`.`deleted_at` is null","time":"1.04 ms"} 
[2020-12-01 10:00:54] local.DEBUG: SQL {"sql":"select * from `users` where `id` = 1 and `users`.`deleted_at` is null limit 1","time":"9.24 ms"} 
[2020-12-01 10:00:54] local.DEBUG: SQL {"sql":"select `users`.*, `relations`.`user_id` as `pivot_user_id`, `relations`.`followed_id` as `pivot_followed_id` from `users` inner join `relations` on `users`.`id` = `relations`.`followed_id` where `relations`.`user_id` in (1) and `users`.`deleted_at` is null","time":"1.51 ms"} 
[2020-12-01 10:00:54] local.DEBUG: SQL {"sql":"select `users`.*, `relations`.`followed_id` as `pivot_followed_id`, `relations`.`user_id` as `pivot_user_id` from `users` inner join `relations` on `users`.`id` = `relations`.`user_id` where `relations`.`followed_id` in (1) and `users`.`deleted_at` is null","time":"2.21 ms"} 
[2020-12-01 10:00:55] local.DEBUG: SQL {"sql":"select * from `users` where `id` = 1 and `users`.`deleted_at` is null limit 1","time":"5.08 ms"} 
[2020-12-01 10:00:55] local.DEBUG: SQL {"sql":"select `users`.*, `relations`.`user_id` as `pivot_user_id`, `relations`.`followed_id` as `pivot_followed_id` from `users` inner join `relations` on `users`.`id` = `relations`.`followed_id` where `relations`.`user_id` in (1) and `users`.`deleted_at` is null","time":"1.34 ms"} 
[2020-12-01 10:00:55] local.DEBUG: SQL {"sql":"select `users`.*, `relations`.`followed_id` as `pivot_followed_id`, `relations`.`user_id` as `pivot_user_id` from `users` inner join `relations` on `users`.`id` = `relations`.`user_id` where `relations`.`followed_id` in (1) and `users`.`deleted_at` is null","time":"1.09 ms"} 
[2020-12-01 10:00:56] local.DEBUG: SQL {"sql":"select * from `users` where `id` = 1 and `users`.`deleted_at` is null limit 1","time":"9.09 ms"} 
[2020-12-01 10:00:56] local.DEBUG: SQL {"sql":"select * from `steps` where `steps`.`user_id` = 1 and `steps`.`user_id` is not null and `steps`.`deleted_at` is null order by `created_at` desc limit 10 offset 0","time":"1.93 ms"} 
[2020-12-01 10:00:56] local.DEBUG: SQL {"sql":"select * from `categories` where `categories`.`id` in (2, 3)","time":"0.95 ms"} 
[2020-12-01 10:00:56] local.DEBUG: SQL {"sql":"select * from `users` where `users`.`id` in (1) and `users`.`deleted_at` is null","time":"0.74 ms"} 
[2020-12-01 10:06:40] local.DEBUG: SQL {"sql":"select * from `users` where `id` = 1 and `users`.`deleted_at` is null limit 1","time":"11.59 ms"} 
[2020-12-01 10:06:40] local.DEBUG: SQL {"sql":"select `users`.*, `relations`.`user_id` as `pivot_user_id`, `relations`.`followed_id` as `pivot_followed_id` from `users` inner join `relations` on `users`.`id` = `relations`.`followed_id` where `relations`.`user_id` in (1) and `users`.`deleted_at` is null","time":"1.29 ms"} 
[2020-12-01 10:06:40] local.DEBUG: SQL {"sql":"select `users`.*, `relations`.`followed_id` as `pivot_followed_id`, `relations`.`user_id` as `pivot_user_id` from `users` inner join `relations` on `users`.`id` = `relations`.`user_id` where `relations`.`followed_id` in (1) and `users`.`deleted_at` is null","time":"1.39 ms"} 
[2020-12-01 10:06:42] local.DEBUG: SQL {"sql":"select * from `users` where `id` = 1 and `users`.`deleted_at` is null limit 1","time":"31.95 ms"} 
[2020-12-01 10:06:42] local.DEBUG: SQL {"sql":"select * from `steps` where `steps`.`user_id` = 1 and `steps`.`user_id` is not null and `steps`.`deleted_at` is null order by `created_at` desc limit 10 offset 0","time":"1.55 ms"} 
[2020-12-01 10:06:42] local.DEBUG: SQL {"sql":"select * from `categories` where `categories`.`id` in (2, 3)","time":"1.66 ms"} 
[2020-12-01 10:06:42] local.DEBUG: SQL {"sql":"select * from `users` where `users`.`id` in (1) and `users`.`deleted_at` is null","time":"1.01 ms"} 
[2020-12-01 10:07:07] local.DEBUG: SQL {"sql":"select * from `users` where `id` = 1 and `users`.`deleted_at` is null limit 1","time":"8.05 ms"} 
[2020-12-01 10:07:07] local.DEBUG: SQL {"sql":"select `users`.*, `relations`.`user_id` as `pivot_user_id`, `relations`.`followed_id` as `pivot_followed_id` from `users` inner join `relations` on `users`.`id` = `relations`.`followed_id` where `relations`.`user_id` in (1) and `users`.`deleted_at` is null","time":"1.24 ms"} 
[2020-12-01 10:07:07] local.DEBUG: SQL {"sql":"select `users`.*, `relations`.`followed_id` as `pivot_followed_id`, `relations`.`user_id` as `pivot_user_id` from `users` inner join `relations` on `users`.`id` = `relations`.`user_id` where `relations`.`followed_id` in (1) and `users`.`deleted_at` is null","time":"1.1 ms"} 
[2020-12-01 10:07:08] local.DEBUG: SQL {"sql":"select * from `users` where `id` = 1 and `users`.`deleted_at` is null limit 1","time":"14.3 ms"} 
[2020-12-01 10:07:08] local.DEBUG: SQL {"sql":"select * from `steps` where `steps`.`user_id` = 1 and `steps`.`user_id` is not null and `steps`.`deleted_at` is null order by `created_at` desc limit 10 offset 0","time":"3.13 ms"} 
[2020-12-01 10:07:08] local.DEBUG: SQL {"sql":"select * from `categories` where `categories`.`id` in (2, 3)","time":"1.78 ms"} 
[2020-12-01 10:07:08] local.DEBUG: SQL {"sql":"select * from `users` where `users`.`id` in (1) and `users`.`deleted_at` is null","time":"1.29 ms"} 
[2020-12-01 10:07:11] local.DEBUG: SQL {"sql":"select * from `users` where `id` = 1 and `users`.`deleted_at` is null limit 1","time":"21.93 ms"} 
[2020-12-01 10:07:11] local.DEBUG: SQL {"sql":"select `users`.*, `relations`.`user_id` as `pivot_user_id`, `relations`.`followed_id` as `pivot_followed_id` from `users` inner join `relations` on `users`.`id` = `relations`.`followed_id` where `relations`.`user_id` in (1) and `users`.`deleted_at` is null","time":"2.33 ms"} 
[2020-12-01 10:07:11] local.DEBUG: SQL {"sql":"select `users`.*, `relations`.`followed_id` as `pivot_followed_id`, `relations`.`user_id` as `pivot_user_id` from `users` inner join `relations` on `users`.`id` = `relations`.`user_id` where `relations`.`followed_id` in (1) and `users`.`deleted_at` is null","time":"1.33 ms"} 
[2020-12-01 10:07:13] local.DEBUG: SQL {"sql":"select * from `users` where `id` = 1 and `users`.`deleted_at` is null limit 1","time":"5.54 ms"} 
[2020-12-01 10:07:13] local.DEBUG: SQL {"sql":"select * from `steps` where `steps`.`user_id` = 1 and `steps`.`user_id` is not null and `steps`.`deleted_at` is null order by `created_at` desc limit 10 offset 0","time":"1.44 ms"} 
[2020-12-01 10:07:13] local.DEBUG: SQL {"sql":"select * from `categories` where `categories`.`id` in (2, 3)","time":"1.15 ms"} 
[2020-12-01 10:07:13] local.DEBUG: SQL {"sql":"select * from `users` where `users`.`id` in (1) and `users`.`deleted_at` is null","time":"1.01 ms"} 
[2020-12-01 10:07:20] local.DEBUG: SQL {"sql":"select * from `users` where `id` = 1 and `users`.`deleted_at` is null limit 1","time":"6.17 ms"} 
[2020-12-01 10:07:20] local.DEBUG: SQL {"sql":"select `users`.*, `relations`.`user_id` as `pivot_user_id`, `relations`.`followed_id` as `pivot_followed_id` from `users` inner join `relations` on `users`.`id` = `relations`.`followed_id` where `relations`.`user_id` in (1) and `users`.`deleted_at` is null","time":"1.23 ms"} 
[2020-12-01 10:07:20] local.DEBUG: SQL {"sql":"select `users`.*, `relations`.`followed_id` as `pivot_followed_id`, `relations`.`user_id` as `pivot_user_id` from `users` inner join `relations` on `users`.`id` = `relations`.`user_id` where `relations`.`followed_id` in (1) and `users`.`deleted_at` is null","time":"0.95 ms"} 
[2020-12-01 10:07:21] local.DEBUG: SQL {"sql":"select * from `users` where `id` = 1 and `users`.`deleted_at` is null limit 1","time":"12.97 ms"} 
[2020-12-01 10:07:21] local.DEBUG: SQL {"sql":"select * from `steps` where `steps`.`user_id` = 1 and `steps`.`user_id` is not null and `steps`.`deleted_at` is null order by `created_at` desc limit 10 offset 0","time":"1.65 ms"} 
[2020-12-01 10:07:21] local.DEBUG: SQL {"sql":"select * from `categories` where `categories`.`id` in (2, 3)","time":"3.71 ms"} 
[2020-12-01 10:07:21] local.DEBUG: SQL {"sql":"select * from `users` where `users`.`id` in (1) and `users`.`deleted_at` is null","time":"0.98 ms"} 
[2020-12-01 10:08:04] local.DEBUG: SQL {"sql":"select * from `users` where `id` = 1 and `users`.`deleted_at` is null limit 1","time":"7 ms"} 
[2020-12-01 10:08:04] local.DEBUG: SQL {"sql":"select `users`.*, `relations`.`user_id` as `pivot_user_id`, `relations`.`followed_id` as `pivot_followed_id` from `users` inner join `relations` on `users`.`id` = `relations`.`followed_id` where `relations`.`user_id` in (1) and `users`.`deleted_at` is null","time":"1.57 ms"} 
[2020-12-01 10:08:04] local.DEBUG: SQL {"sql":"select `users`.*, `relations`.`followed_id` as `pivot_followed_id`, `relations`.`user_id` as `pivot_user_id` from `users` inner join `relations` on `users`.`id` = `relations`.`user_id` where `relations`.`followed_id` in (1) and `users`.`deleted_at` is null","time":"1.11 ms"} 
[2020-12-01 10:08:06] local.DEBUG: SQL {"sql":"select * from `users` where `id` = 1 and `users`.`deleted_at` is null limit 1","time":"2.89 ms"} 
[2020-12-01 10:08:06] local.DEBUG: SQL {"sql":"select * from `steps` where `steps`.`user_id` = 1 and `steps`.`user_id` is not null and `steps`.`deleted_at` is null order by `created_at` desc limit 10 offset 0","time":"1.17 ms"} 
[2020-12-01 10:08:06] local.DEBUG: SQL {"sql":"select * from `categories` where `categories`.`id` in (2, 3)","time":"0.94 ms"} 
[2020-12-01 10:08:06] local.DEBUG: SQL {"sql":"select * from `users` where `users`.`id` in (1) and `users`.`deleted_at` is null","time":"0.61 ms"} 
[2020-12-01 10:10:52] local.DEBUG: SQL {"sql":"select * from `users` where `id` = 1 and `users`.`deleted_at` is null limit 1","time":"20.69 ms"} 
[2020-12-01 10:10:52] local.DEBUG: SQL {"sql":"select `users`.*, `relations`.`user_id` as `pivot_user_id`, `relations`.`followed_id` as `pivot_followed_id` from `users` inner join `relations` on `users`.`id` = `relations`.`followed_id` where `relations`.`user_id` in (1) and `users`.`deleted_at` is null","time":"2.52 ms"} 
[2020-12-01 10:10:52] local.DEBUG: SQL {"sql":"select `users`.*, `relations`.`followed_id` as `pivot_followed_id`, `relations`.`user_id` as `pivot_user_id` from `users` inner join `relations` on `users`.`id` = `relations`.`user_id` where `relations`.`followed_id` in (1) and `users`.`deleted_at` is null","time":"2.79 ms"} 
[2020-12-01 10:10:54] local.DEBUG: SQL {"sql":"select * from `users` where `id` = 1 and `users`.`deleted_at` is null limit 1","time":"9.05 ms"} 
[2020-12-01 10:10:54] local.DEBUG: SQL {"sql":"select * from `steps` where `steps`.`user_id` = 1 and `steps`.`user_id` is not null and `steps`.`deleted_at` is null order by `created_at` desc limit 10 offset 0","time":"1.5 ms"} 
[2020-12-01 10:10:54] local.DEBUG: SQL {"sql":"select * from `categories` where `categories`.`id` in (2, 3)","time":"1.02 ms"} 
[2020-12-01 10:10:54] local.DEBUG: SQL {"sql":"select * from `users` where `users`.`id` in (1) and `users`.`deleted_at` is null","time":"5.6 ms"} 
[2020-12-01 10:11:07] local.DEBUG: SQL {"sql":"select * from `users` where `id` = 1 and `users`.`deleted_at` is null limit 1","time":"11.86 ms"} 
[2020-12-01 10:11:07] local.DEBUG: SQL {"sql":"select `users`.*, `relations`.`user_id` as `pivot_user_id`, `relations`.`followed_id` as `pivot_followed_id` from `users` inner join `relations` on `users`.`id` = `relations`.`followed_id` where `relations`.`user_id` in (1) and `users`.`deleted_at` is null","time":"1.01 ms"} 
[2020-12-01 10:11:07] local.DEBUG: SQL {"sql":"select `users`.*, `relations`.`followed_id` as `pivot_followed_id`, `relations`.`user_id` as `pivot_user_id` from `users` inner join `relations` on `users`.`id` = `relations`.`user_id` where `relations`.`followed_id` in (1) and `users`.`deleted_at` is null","time":"0.94 ms"} 
[2020-12-01 10:11:09] local.DEBUG: SQL {"sql":"select * from `users` where `id` = 1 and `users`.`deleted_at` is null limit 1","time":"10.56 ms"} 
[2020-12-01 10:11:09] local.DEBUG: SQL {"sql":"select * from `steps` where `steps`.`user_id` = 1 and `steps`.`user_id` is not null and `steps`.`deleted_at` is null order by `created_at` desc limit 10 offset 0","time":"5.93 ms"} 
[2020-12-01 10:11:09] local.DEBUG: SQL {"sql":"select * from `categories` where `categories`.`id` in (2, 3)","time":"1.18 ms"} 
[2020-12-01 10:11:09] local.DEBUG: SQL {"sql":"select * from `users` where `users`.`id` in (1) and `users`.`deleted_at` is null","time":"0.88 ms"} 
[2020-12-01 10:14:53] local.DEBUG: SQL {"sql":"select * from `users` where `id` = 1 and `users`.`deleted_at` is null limit 1","time":"10.59 ms"} 
[2020-12-01 10:14:53] local.DEBUG: SQL {"sql":"select * from `steps` where `steps`.`user_id` = 1 and `steps`.`user_id` is not null and `steps`.`deleted_at` is null order by `created_at` desc limit 10 offset 3","time":"1.21 ms"} 
[2020-12-01 10:18:05] local.DEBUG: SQL {"sql":"select * from `users` where `id` = 1 and `users`.`deleted_at` is null limit 1","time":"13.47 ms"} 
[2020-12-01 10:18:05] local.DEBUG: SQL {"sql":"select `users`.*, `relations`.`user_id` as `pivot_user_id`, `relations`.`followed_id` as `pivot_followed_id` from `users` inner join `relations` on `users`.`id` = `relations`.`followed_id` where `relations`.`user_id` in (1) and `users`.`deleted_at` is null","time":"1.38 ms"} 
[2020-12-01 10:18:05] local.DEBUG: SQL {"sql":"select `users`.*, `relations`.`followed_id` as `pivot_followed_id`, `relations`.`user_id` as `pivot_user_id` from `users` inner join `relations` on `users`.`id` = `relations`.`user_id` where `relations`.`followed_id` in (1) and `users`.`deleted_at` is null","time":"2.23 ms"} 
[2020-12-01 10:18:07] local.DEBUG: SQL {"sql":"select * from `users` where `id` = 1 and `users`.`deleted_at` is null limit 1","time":"8.39 ms"} 
[2020-12-01 10:18:07] local.DEBUG: SQL {"sql":"select * from `steps` where `steps`.`user_id` = 1 and `steps`.`user_id` is not null and `steps`.`deleted_at` is null order by `created_at` desc limit 10 offset 0","time":"2.07 ms"} 
[2020-12-01 10:18:07] local.DEBUG: SQL {"sql":"select * from `categories` where `categories`.`id` in (2, 3)","time":"7.03 ms"} 
[2020-12-01 10:18:07] local.DEBUG: SQL {"sql":"select * from `users` where `users`.`id` in (1) and `users`.`deleted_at` is null","time":"8.35 ms"} 
[2020-12-01 10:18:25] local.DEBUG: SQL {"sql":"select * from `users` where `id` = 1 and `users`.`deleted_at` is null limit 1","time":"6.83 ms"} 
[2020-12-01 10:18:25] local.DEBUG: SQL {"sql":"select `users`.*, `relations`.`user_id` as `pivot_user_id`, `relations`.`followed_id` as `pivot_followed_id` from `users` inner join `relations` on `users`.`id` = `relations`.`followed_id` where `relations`.`user_id` in (1) and `users`.`deleted_at` is null","time":"1.67 ms"} 
[2020-12-01 10:18:25] local.DEBUG: SQL {"sql":"select `users`.*, `relations`.`followed_id` as `pivot_followed_id`, `relations`.`user_id` as `pivot_user_id` from `users` inner join `relations` on `users`.`id` = `relations`.`user_id` where `relations`.`followed_id` in (1) and `users`.`deleted_at` is null","time":"1.16 ms"} 
[2020-12-01 10:18:26] local.DEBUG: SQL {"sql":"select * from `users` where `id` = 1 and `users`.`deleted_at` is null limit 1","time":"56.65 ms"} 
[2020-12-01 10:18:26] local.DEBUG: SQL {"sql":"select * from `steps` where `steps`.`user_id` = 1 and `steps`.`user_id` is not null and `steps`.`deleted_at` is null order by `created_at` desc limit 10 offset 0","time":"4.08 ms"} 
[2020-12-01 10:18:26] local.DEBUG: SQL {"sql":"select * from `categories` where `categories`.`id` in (2, 3)","time":"1.34 ms"} 
[2020-12-01 10:18:26] local.DEBUG: SQL {"sql":"select * from `users` where `users`.`id` in (1) and `users`.`deleted_at` is null","time":"1.39 ms"} 
[2020-12-01 10:18:54] local.DEBUG: SQL {"sql":"select * from `users` where `id` = 1 and `users`.`deleted_at` is null limit 1","time":"15.17 ms"} 
[2020-12-01 10:18:54] local.DEBUG: SQL {"sql":"select `users`.*, `relations`.`user_id` as `pivot_user_id`, `relations`.`followed_id` as `pivot_followed_id` from `users` inner join `relations` on `users`.`id` = `relations`.`followed_id` where `relations`.`user_id` in (1) and `users`.`deleted_at` is null","time":"1.57 ms"} 
[2020-12-01 10:18:54] local.DEBUG: SQL {"sql":"select `users`.*, `relations`.`followed_id` as `pivot_followed_id`, `relations`.`user_id` as `pivot_user_id` from `users` inner join `relations` on `users`.`id` = `relations`.`user_id` where `relations`.`followed_id` in (1) and `users`.`deleted_at` is null","time":"2.34 ms"} 
[2020-12-01 10:18:55] local.DEBUG: SQL {"sql":"select * from `users` where `id` = 1 and `users`.`deleted_at` is null limit 1","time":"7.75 ms"} 
[2020-12-01 10:18:55] local.DEBUG: SQL {"sql":"select * from `steps` where `steps`.`user_id` = 1 and `steps`.`user_id` is not null and `steps`.`deleted_at` is null order by `created_at` desc limit 10 offset 0","time":"1.71 ms"} 
[2020-12-01 10:18:55] local.DEBUG: SQL {"sql":"select * from `categories` where `categories`.`id` in (2, 3)","time":"1.39 ms"} 
[2020-12-01 10:18:55] local.DEBUG: SQL {"sql":"select * from `users` where `users`.`id` in (1) and `users`.`deleted_at` is null","time":"1.47 ms"} 
[2020-12-01 10:19:54] local.DEBUG: SQL {"sql":"select * from `users` where `id` = 1 and `users`.`deleted_at` is null limit 1","time":"4.64 ms"} 
[2020-12-01 10:19:54] local.DEBUG: SQL {"sql":"select `users`.*, `relations`.`user_id` as `pivot_user_id`, `relations`.`followed_id` as `pivot_followed_id` from `users` inner join `relations` on `users`.`id` = `relations`.`followed_id` where `relations`.`user_id` in (1) and `users`.`deleted_at` is null","time":"2.01 ms"} 
[2020-12-01 10:19:54] local.DEBUG: SQL {"sql":"select `users`.*, `relations`.`followed_id` as `pivot_followed_id`, `relations`.`user_id` as `pivot_user_id` from `users` inner join `relations` on `users`.`id` = `relations`.`user_id` where `relations`.`followed_id` in (1) and `users`.`deleted_at` is null","time":"2.16 ms"} 
[2020-12-01 10:19:55] local.DEBUG: SQL {"sql":"select * from `users` where `id` = 1 and `users`.`deleted_at` is null limit 1","time":"18.98 ms"} 
[2020-12-01 10:19:56] local.DEBUG: SQL {"sql":"select * from `steps` where `steps`.`user_id` = 1 and `steps`.`user_id` is not null and `steps`.`deleted_at` is null order by `created_at` desc limit 10 offset 0","time":"2.25 ms"} 
[2020-12-01 10:19:56] local.DEBUG: SQL {"sql":"select * from `categories` where `categories`.`id` in (2, 3)","time":"5.01 ms"} 
[2020-12-01 10:19:56] local.DEBUG: SQL {"sql":"select * from `users` where `users`.`id` in (1) and `users`.`deleted_at` is null","time":"1.72 ms"} 
[2020-12-01 10:21:07] local.DEBUG: SQL {"sql":"select * from `users` where `id` = 1 and `users`.`deleted_at` is null limit 1","time":"31.9 ms"} 
[2020-12-01 10:21:07] local.DEBUG: SQL {"sql":"select `users`.*, `relations`.`user_id` as `pivot_user_id`, `relations`.`followed_id` as `pivot_followed_id` from `users` inner join `relations` on `users`.`id` = `relations`.`followed_id` where `relations`.`user_id` in (1) and `users`.`deleted_at` is null","time":"3.11 ms"} 
[2020-12-01 10:21:07] local.DEBUG: SQL {"sql":"select `users`.*, `relations`.`followed_id` as `pivot_followed_id`, `relations`.`user_id` as `pivot_user_id` from `users` inner join `relations` on `users`.`id` = `relations`.`user_id` where `relations`.`followed_id` in (1) and `users`.`deleted_at` is null","time":"2.08 ms"} 
[2020-12-01 10:21:09] local.DEBUG: SQL {"sql":"select * from `users` where `id` = 1 and `users`.`deleted_at` is null limit 1","time":"22.63 ms"} 
[2020-12-01 10:21:09] local.DEBUG: SQL {"sql":"select * from `steps` where `steps`.`user_id` = 1 and `steps`.`user_id` is not null and `steps`.`deleted_at` is null order by `created_at` desc limit 10 offset 0","time":"1.64 ms"} 
[2020-12-01 10:21:09] local.DEBUG: SQL {"sql":"select * from `categories` where `categories`.`id` in (2, 3)","time":"1.49 ms"} 
[2020-12-01 10:21:09] local.DEBUG: SQL {"sql":"select * from `users` where `users`.`id` in (1) and `users`.`deleted_at` is null","time":"0.96 ms"} 
[2020-12-01 10:21:18] local.DEBUG: SQL {"sql":"select * from `users` where `id` = 1 and `users`.`deleted_at` is null limit 1","time":"8.83 ms"} 
[2020-12-01 10:21:18] local.DEBUG: SQL {"sql":"select `users`.*, `relations`.`user_id` as `pivot_user_id`, `relations`.`followed_id` as `pivot_followed_id` from `users` inner join `relations` on `users`.`id` = `relations`.`followed_id` where `relations`.`user_id` in (1) and `users`.`deleted_at` is null","time":"3.16 ms"} 
[2020-12-01 10:21:18] local.DEBUG: SQL {"sql":"select `users`.*, `relations`.`followed_id` as `pivot_followed_id`, `relations`.`user_id` as `pivot_user_id` from `users` inner join `relations` on `users`.`id` = `relations`.`user_id` where `relations`.`followed_id` in (1) and `users`.`deleted_at` is null","time":"1.59 ms"} 
[2020-12-01 10:21:19] local.DEBUG: SQL {"sql":"select * from `users` where `id` = 1 and `users`.`deleted_at` is null limit 1","time":"156.69 ms"} 
[2020-12-01 10:21:19] local.DEBUG: SQL {"sql":"select * from `steps` where `steps`.`user_id` = 1 and `steps`.`user_id` is not null and `steps`.`deleted_at` is null order by `created_at` desc limit 10 offset 0","time":"2.92 ms"} 
[2020-12-01 10:21:19] local.DEBUG: SQL {"sql":"select * from `categories` where `categories`.`id` in (2, 3)","time":"1.48 ms"} 
[2020-12-01 10:21:19] local.DEBUG: SQL {"sql":"select * from `users` where `users`.`id` in (1) and `users`.`deleted_at` is null","time":"1.12 ms"} 
[2020-12-01 10:21:27] local.DEBUG: SQL {"sql":"select * from `users` where `id` = 1 and `users`.`deleted_at` is null limit 1","time":"4.72 ms"} 
[2020-12-01 10:21:27] local.DEBUG: SQL {"sql":"select `users`.*, `relations`.`user_id` as `pivot_user_id`, `relations`.`followed_id` as `pivot_followed_id` from `users` inner join `relations` on `users`.`id` = `relations`.`followed_id` where `relations`.`user_id` in (1) and `users`.`deleted_at` is null","time":"1.1 ms"} 
[2020-12-01 10:21:27] local.DEBUG: SQL {"sql":"select `users`.*, `relations`.`followed_id` as `pivot_followed_id`, `relations`.`user_id` as `pivot_user_id` from `users` inner join `relations` on `users`.`id` = `relations`.`user_id` where `relations`.`followed_id` in (1) and `users`.`deleted_at` is null","time":"1.09 ms"} 
[2020-12-01 10:21:29] local.DEBUG: SQL {"sql":"select * from `users` where `id` = 1 and `users`.`deleted_at` is null limit 1","time":"153.14 ms"} 
[2020-12-01 10:21:30] local.DEBUG: SQL {"sql":"select * from `steps` where `steps`.`user_id` = 1 and `steps`.`user_id` is not null and `steps`.`deleted_at` is null order by `created_at` desc limit 10 offset 0","time":"2.78 ms"} 
[2020-12-01 10:21:30] local.DEBUG: SQL {"sql":"select * from `categories` where `categories`.`id` in (2, 3)","time":"4.11 ms"} 
[2020-12-01 10:21:30] local.DEBUG: SQL {"sql":"select * from `users` where `users`.`id` in (1) and `users`.`deleted_at` is null","time":"3.27 ms"} 
[2020-12-01 10:21:45] local.DEBUG: SQL {"sql":"select * from `users` where `id` = 1 and `users`.`deleted_at` is null limit 1","time":"11.52 ms"} 
[2020-12-01 10:21:45] local.DEBUG: SQL {"sql":"select `users`.*, `relations`.`user_id` as `pivot_user_id`, `relations`.`followed_id` as `pivot_followed_id` from `users` inner join `relations` on `users`.`id` = `relations`.`followed_id` where `relations`.`user_id` = 1 and `users`.`deleted_at` is null order by `created_at` desc limit 10 offset 0","time":"2.66 ms"} 
[2020-12-01 10:21:50] local.DEBUG: SQL {"sql":"select * from `users` where `id` = 1 and `users`.`deleted_at` is null limit 1","time":"9.53 ms"} 
[2020-12-01 10:21:50] local.DEBUG: SQL {"sql":"select `users`.*, `relations`.`followed_id` as `pivot_followed_id`, `relations`.`user_id` as `pivot_user_id` from `users` inner join `relations` on `users`.`id` = `relations`.`user_id` where `relations`.`followed_id` = 1 and `users`.`deleted_at` is null order by `created_at` desc limit 10 offset 0","time":"11.34 ms"} 
[2020-12-01 10:21:58] local.DEBUG: SQL {"sql":"select * from `users` where `id` = 1 and `users`.`deleted_at` is null limit 1","time":"9.75 ms"} 
[2020-12-01 10:21:58] local.DEBUG: SQL {"sql":"select `users`.*, `relations`.`followed_id` as `pivot_followed_id`, `relations`.`user_id` as `pivot_user_id` from `users` inner join `relations` on `users`.`id` = `relations`.`user_id` where `relations`.`followed_id` = 1 and `users`.`deleted_at` is null order by `created_at` desc limit 10 offset 0","time":"6.72 ms"} 
[2020-12-01 10:22:23] local.DEBUG: SQL {"sql":"select * from `users` where `id` = 1 and `users`.`deleted_at` is null limit 1","time":"4.69 ms"} 
[2020-12-01 10:22:23] local.DEBUG: SQL {"sql":"select `users`.*, `relations`.`user_id` as `pivot_user_id`, `relations`.`followed_id` as `pivot_followed_id` from `users` inner join `relations` on `users`.`id` = `relations`.`followed_id` where `relations`.`user_id` = 1 and `users`.`deleted_at` is null order by `created_at` desc limit 10 offset 0","time":"1.76 ms"} 
[2020-12-01 10:23:14] local.DEBUG: SQL {"sql":"select * from `users` where `id` = 1 and `users`.`deleted_at` is null limit 1","time":"13.15 ms"} 
[2020-12-01 10:23:14] local.DEBUG: SQL {"sql":"select `users`.*, `relations`.`user_id` as `pivot_user_id`, `relations`.`followed_id` as `pivot_followed_id` from `users` inner join `relations` on `users`.`id` = `relations`.`followed_id` where `relations`.`user_id` in (1) and `users`.`deleted_at` is null","time":"2.09 ms"} 
[2020-12-01 10:23:14] local.DEBUG: SQL {"sql":"select `users`.*, `relations`.`followed_id` as `pivot_followed_id`, `relations`.`user_id` as `pivot_user_id` from `users` inner join `relations` on `users`.`id` = `relations`.`user_id` where `relations`.`followed_id` in (1) and `users`.`deleted_at` is null","time":"1.36 ms"} 
[2020-12-01 10:23:17] local.DEBUG: SQL {"sql":"select * from `users` where `id` = 1 and `users`.`deleted_at` is null limit 1","time":"14.28 ms"} 
[2020-12-01 10:23:17] local.DEBUG: SQL {"sql":"select `users`.*, `relations`.`user_id` as `pivot_user_id`, `relations`.`followed_id` as `pivot_followed_id` from `users` inner join `relations` on `users`.`id` = `relations`.`followed_id` where `relations`.`user_id` = 1 and `users`.`deleted_at` is null order by `created_at` desc limit 10 offset 0","time":"4.67 ms"} 
[2020-12-01 10:23:21] local.DEBUG: SQL {"sql":"select * from `users` where `id` = 1 and `users`.`deleted_at` is null limit 1","time":"9.57 ms"} 
[2020-12-01 10:23:21] local.DEBUG: SQL {"sql":"select `users`.*, `relations`.`followed_id` as `pivot_followed_id`, `relations`.`user_id` as `pivot_user_id` from `users` inner join `relations` on `users`.`id` = `relations`.`user_id` where `relations`.`followed_id` = 1 and `users`.`deleted_at` is null order by `created_at` desc limit 10 offset 0","time":"4.97 ms"} 
[2020-12-01 10:23:22] local.DEBUG: SQL {"sql":"select * from `users` where `id` = 1 and `users`.`deleted_at` is null limit 1","time":"11.7 ms"} 
[2020-12-01 10:23:22] local.DEBUG: SQL {"sql":"select `users`.*, `relations`.`user_id` as `pivot_user_id`, `relations`.`followed_id` as `pivot_followed_id` from `users` inner join `relations` on `users`.`id` = `relations`.`followed_id` where `relations`.`user_id` = 1 and `users`.`deleted_at` is null order by `created_at` desc limit 10 offset 0","time":"2.4 ms"} 
[2020-12-01 10:23:23] local.DEBUG: SQL {"sql":"select * from `users` where `id` = 1 and `users`.`deleted_at` is null limit 1","time":"8.63 ms"} 
[2020-12-01 10:23:23] local.DEBUG: SQL {"sql":"select `users`.*, `relations`.`followed_id` as `pivot_followed_id`, `relations`.`user_id` as `pivot_user_id` from `users` inner join `relations` on `users`.`id` = `relations`.`user_id` where `relations`.`followed_id` = 1 and `users`.`deleted_at` is null order by `created_at` desc limit 10 offset 0","time":"5.72 ms"} 
[2020-12-01 10:24:10] local.DEBUG: SQL {"sql":"select * from `users` where `id` = 1 and `users`.`deleted_at` is null limit 1","time":"4.59 ms"} 
[2020-12-01 10:24:10] local.DEBUG: SQL {"sql":"select `users`.*, `relations`.`user_id` as `pivot_user_id`, `relations`.`followed_id` as `pivot_followed_id` from `users` inner join `relations` on `users`.`id` = `relations`.`followed_id` where `relations`.`user_id` in (1) and `users`.`deleted_at` is null","time":"4.24 ms"} 
[2020-12-01 10:24:10] local.DEBUG: SQL {"sql":"select `users`.*, `relations`.`followed_id` as `pivot_followed_id`, `relations`.`user_id` as `pivot_user_id` from `users` inner join `relations` on `users`.`id` = `relations`.`user_id` where `relations`.`followed_id` in (1) and `users`.`deleted_at` is null","time":"3.38 ms"} 
[2020-12-01 10:24:11] local.DEBUG: SQL {"sql":"select * from `users` where `id` = 1 and `users`.`deleted_at` is null limit 1","time":"4.98 ms"} 
[2020-12-01 10:24:11] local.DEBUG: SQL {"sql":"select `users`.*, `relations`.`user_id` as `pivot_user_id`, `relations`.`followed_id` as `pivot_followed_id` from `users` inner join `relations` on `users`.`id` = `relations`.`followed_id` where `relations`.`user_id` in (1) and `users`.`deleted_at` is null","time":"1.41 ms"} 
[2020-12-01 10:24:11] local.DEBUG: SQL {"sql":"select `users`.*, `relations`.`followed_id` as `pivot_followed_id`, `relations`.`user_id` as `pivot_user_id` from `users` inner join `relations` on `users`.`id` = `relations`.`user_id` where `relations`.`followed_id` in (1) and `users`.`deleted_at` is null","time":"1.2 ms"} 
[2020-12-01 10:24:12] local.DEBUG: SQL {"sql":"select * from `users` where `id` = 1 and `users`.`deleted_at` is null limit 1","time":"4.3 ms"} 
[2020-12-01 10:24:12] local.DEBUG: SQL {"sql":"select `users`.*, `relations`.`followed_id` as `pivot_followed_id`, `relations`.`user_id` as `pivot_user_id` from `users` inner join `relations` on `users`.`id` = `relations`.`user_id` where `relations`.`followed_id` = 1 and `users`.`deleted_at` is null order by `created_at` desc limit 10 offset 0","time":"0.93 ms"} 
[2020-12-01 10:24:19] local.DEBUG: SQL {"sql":"select * from `users` where `id` = 1 and `users`.`deleted_at` is null limit 1","time":"6.1 ms"} 
[2020-12-01 10:24:19] local.DEBUG: SQL {"sql":"select `users`.*, `relations`.`user_id` as `pivot_user_id`, `relations`.`followed_id` as `pivot_followed_id` from `users` inner join `relations` on `users`.`id` = `relations`.`followed_id` where `relations`.`user_id` in (1) and `users`.`deleted_at` is null","time":"1.52 ms"} 
[2020-12-01 10:24:19] local.DEBUG: SQL {"sql":"select `users`.*, `relations`.`followed_id` as `pivot_followed_id`, `relations`.`user_id` as `pivot_user_id` from `users` inner join `relations` on `users`.`id` = `relations`.`user_id` where `relations`.`followed_id` in (1) and `users`.`deleted_at` is null","time":"27.2 ms"} 
[2020-12-01 10:24:21] local.DEBUG: SQL {"sql":"select * from `users` where `id` = 1 and `users`.`deleted_at` is null limit 1","time":"14.79 ms"} 
[2020-12-01 10:24:21] local.DEBUG: SQL {"sql":"select `users`.*, `relations`.`followed_id` as `pivot_followed_id`, `relations`.`user_id` as `pivot_user_id` from `users` inner join `relations` on `users`.`id` = `relations`.`user_id` where `relations`.`followed_id` = 1 and `users`.`deleted_at` is null order by `created_at` desc limit 10 offset 0","time":"1.86 ms"} 
[2020-12-01 10:25:33] local.DEBUG: SQL {"sql":"select * from `users` where `id` = 1 and `users`.`deleted_at` is null limit 1","time":"6.66 ms"} 
[2020-12-01 10:25:33] local.DEBUG: SQL {"sql":"select `users`.*, `relations`.`user_id` as `pivot_user_id`, `relations`.`followed_id` as `pivot_followed_id` from `users` inner join `relations` on `users`.`id` = `relations`.`followed_id` where `relations`.`user_id` in (1) and `users`.`deleted_at` is null","time":"0.77 ms"} 
[2020-12-01 10:25:33] local.DEBUG: SQL {"sql":"select `users`.*, `relations`.`followed_id` as `pivot_followed_id`, `relations`.`user_id` as `pivot_user_id` from `users` inner join `relations` on `users`.`id` = `relations`.`user_id` where `relations`.`followed_id` in (1) and `users`.`deleted_at` is null","time":"0.91 ms"} 
[2020-12-01 10:25:33] local.DEBUG: SQL {"sql":"select * from `users` where `id` = 1 and `users`.`deleted_at` is null limit 1","time":"6.76 ms"} 
[2020-12-01 10:25:33] local.DEBUG: SQL {"sql":"select `users`.*, `relations`.`user_id` as `pivot_user_id`, `relations`.`followed_id` as `pivot_followed_id` from `users` inner join `relations` on `users`.`id` = `relations`.`followed_id` where `relations`.`user_id` in (1) and `users`.`deleted_at` is null","time":"2.89 ms"} 
[2020-12-01 10:25:33] local.DEBUG: SQL {"sql":"select `users`.*, `relations`.`followed_id` as `pivot_followed_id`, `relations`.`user_id` as `pivot_user_id` from `users` inner join `relations` on `users`.`id` = `relations`.`user_id` where `relations`.`followed_id` in (1) and `users`.`deleted_at` is null","time":"8.14 ms"} 
[2020-12-01 10:25:35] local.DEBUG: SQL {"sql":"select * from `users` where `id` = 1 and `users`.`deleted_at` is null limit 1","time":"12.01 ms"} 
[2020-12-01 10:25:35] local.DEBUG: SQL {"sql":"select `users`.*, `relations`.`followed_id` as `pivot_followed_id`, `relations`.`user_id` as `pivot_user_id` from `users` inner join `relations` on `users`.`id` = `relations`.`user_id` where `relations`.`followed_id` = 1 and `users`.`deleted_at` is null order by `created_at` desc limit 10 offset 0","time":"1.5 ms"} 
[2020-12-01 10:25:39] local.DEBUG: SQL {"sql":"select * from `users` where `id` = 1 and `users`.`deleted_at` is null limit 1","time":"7.5 ms"} 
[2020-12-01 10:25:39] local.DEBUG: SQL {"sql":"select `users`.*, `relations`.`user_id` as `pivot_user_id`, `relations`.`followed_id` as `pivot_followed_id` from `users` inner join `relations` on `users`.`id` = `relations`.`followed_id` where `relations`.`user_id` = 1 and `users`.`deleted_at` is null order by `created_at` desc limit 10 offset 0","time":"1.71 ms"} 
[2020-12-01 10:25:41] local.DEBUG: SQL {"sql":"select * from `users` where `id` = 1 and `users`.`deleted_at` is null limit 1","time":"4.14 ms"} 
[2020-12-01 10:25:41] local.DEBUG: SQL {"sql":"select `users`.*, `relations`.`followed_id` as `pivot_followed_id`, `relations`.`user_id` as `pivot_user_id` from `users` inner join `relations` on `users`.`id` = `relations`.`user_id` where `relations`.`followed_id` = 1 and `users`.`deleted_at` is null order by `created_at` desc limit 10 offset 0","time":"1.32 ms"} 
[2020-12-01 10:26:56] local.DEBUG: SQL {"sql":"select * from `users` where `id` = 1 and `users`.`deleted_at` is null limit 1","time":"9.01 ms"} 
[2020-12-01 10:26:56] local.DEBUG: SQL {"sql":"select `users`.*, `relations`.`user_id` as `pivot_user_id`, `relations`.`followed_id` as `pivot_followed_id` from `users` inner join `relations` on `users`.`id` = `relations`.`followed_id` where `relations`.`user_id` in (1) and `users`.`deleted_at` is null","time":"1.4 ms"} 
[2020-12-01 10:26:56] local.DEBUG: SQL {"sql":"select `users`.*, `relations`.`followed_id` as `pivot_followed_id`, `relations`.`user_id` as `pivot_user_id` from `users` inner join `relations` on `users`.`id` = `relations`.`user_id` where `relations`.`followed_id` in (1) and `users`.`deleted_at` is null","time":"1.14 ms"} 
[2020-12-01 10:26:58] local.DEBUG: SQL {"sql":"select * from `users` where `id` = 1 and `users`.`deleted_at` is null limit 1","time":"11.49 ms"} 
[2020-12-01 10:26:58] local.DEBUG: SQL {"sql":"select `users`.*, `relations`.`followed_id` as `pivot_followed_id`, `relations`.`user_id` as `pivot_user_id` from `users` inner join `relations` on `users`.`id` = `relations`.`user_id` where `relations`.`followed_id` = 1 and `users`.`deleted_at` is null order by `created_at` desc limit 10 offset 0","time":"2.63 ms"} 
[2020-12-01 10:27:29] local.DEBUG: SQL {"sql":"select * from `users` where `id` = 1 and `users`.`deleted_at` is null limit 1","time":"5.67 ms"} 
[2020-12-01 10:27:29] local.DEBUG: SQL {"sql":"select `users`.*, `relations`.`user_id` as `pivot_user_id`, `relations`.`followed_id` as `pivot_followed_id` from `users` inner join `relations` on `users`.`id` = `relations`.`followed_id` where `relations`.`user_id` in (1) and `users`.`deleted_at` is null","time":"0.9 ms"} 
[2020-12-01 10:27:29] local.DEBUG: SQL {"sql":"select `users`.*, `relations`.`followed_id` as `pivot_followed_id`, `relations`.`user_id` as `pivot_user_id` from `users` inner join `relations` on `users`.`id` = `relations`.`user_id` where `relations`.`followed_id` in (1) and `users`.`deleted_at` is null","time":"0.66 ms"} 
[2020-12-01 10:27:30] local.DEBUG: SQL {"sql":"select * from `users` where `id` = 1 and `users`.`deleted_at` is null limit 1","time":"21.92 ms"} 
[2020-12-01 10:27:30] local.DEBUG: SQL {"sql":"select `users`.*, `relations`.`followed_id` as `pivot_followed_id`, `relations`.`user_id` as `pivot_user_id` from `users` inner join `relations` on `users`.`id` = `relations`.`user_id` where `relations`.`followed_id` = 1 and `users`.`deleted_at` is null order by `created_at` desc limit 10 offset 0","time":"4.2 ms"} 
[2020-12-01 10:28:05] local.DEBUG: SQL {"sql":"select * from `users` where `id` = 1 and `users`.`deleted_at` is null limit 1","time":"6 ms"} 
[2020-12-01 10:28:05] local.DEBUG: SQL {"sql":"select `users`.*, `relations`.`user_id` as `pivot_user_id`, `relations`.`followed_id` as `pivot_followed_id` from `users` inner join `relations` on `users`.`id` = `relations`.`followed_id` where `relations`.`user_id` in (1) and `users`.`deleted_at` is null","time":"0.59 ms"} 
[2020-12-01 10:28:05] local.DEBUG: SQL {"sql":"select `users`.*, `relations`.`followed_id` as `pivot_followed_id`, `relations`.`user_id` as `pivot_user_id` from `users` inner join `relations` on `users`.`id` = `relations`.`user_id` where `relations`.`followed_id` in (1) and `users`.`deleted_at` is null","time":"0.97 ms"} 
[2020-12-01 10:28:06] local.DEBUG: SQL {"sql":"select * from `users` where `id` = 1 and `users`.`deleted_at` is null limit 1","time":"9.85 ms"} 
[2020-12-01 10:28:06] local.DEBUG: SQL {"sql":"select `users`.*, `relations`.`followed_id` as `pivot_followed_id`, `relations`.`user_id` as `pivot_user_id` from `users` inner join `relations` on `users`.`id` = `relations`.`user_id` where `relations`.`followed_id` = 1 and `users`.`deleted_at` is null order by `created_at` desc limit 10 offset 0","time":"4.74 ms"} 
[2020-12-01 10:28:11] local.DEBUG: SQL {"sql":"select * from `users` where `id` = 1 and `users`.`deleted_at` is null limit 1","time":"6.59 ms"} 
[2020-12-01 10:28:11] local.DEBUG: SQL {"sql":"select `users`.*, `relations`.`user_id` as `pivot_user_id`, `relations`.`followed_id` as `pivot_followed_id` from `users` inner join `relations` on `users`.`id` = `relations`.`followed_id` where `relations`.`user_id` in (1) and `users`.`deleted_at` is null","time":"1.26 ms"} 
[2020-12-01 10:28:11] local.DEBUG: SQL {"sql":"select `users`.*, `relations`.`followed_id` as `pivot_followed_id`, `relations`.`user_id` as `pivot_user_id` from `users` inner join `relations` on `users`.`id` = `relations`.`user_id` where `relations`.`followed_id` in (1) and `users`.`deleted_at` is null","time":"0.81 ms"} 
[2020-12-01 10:28:12] local.DEBUG: SQL {"sql":"select * from `users` where `id` = 1 and `users`.`deleted_at` is null limit 1","time":"8.15 ms"} 
[2020-12-01 10:28:12] local.DEBUG: SQL {"sql":"select `users`.*, `relations`.`followed_id` as `pivot_followed_id`, `relations`.`user_id` as `pivot_user_id` from `users` inner join `relations` on `users`.`id` = `relations`.`user_id` where `relations`.`followed_id` = 1 and `users`.`deleted_at` is null order by `created_at` desc limit 10 offset 0","time":"21.06 ms"} 
[2020-12-01 10:28:24] local.DEBUG: SQL {"sql":"select * from `users` where `id` = 1 and `users`.`deleted_at` is null limit 1","time":"11.17 ms"} 
[2020-12-01 10:28:24] local.DEBUG: SQL {"sql":"select `users`.*, `relations`.`user_id` as `pivot_user_id`, `relations`.`followed_id` as `pivot_followed_id` from `users` inner join `relations` on `users`.`id` = `relations`.`followed_id` where `relations`.`user_id` in (1) and `users`.`deleted_at` is null","time":"0.88 ms"} 
[2020-12-01 10:28:24] local.DEBUG: SQL {"sql":"select `users`.*, `relations`.`followed_id` as `pivot_followed_id`, `relations`.`user_id` as `pivot_user_id` from `users` inner join `relations` on `users`.`id` = `relations`.`user_id` where `relations`.`followed_id` in (1) and `users`.`deleted_at` is null","time":"1.42 ms"} 
[2020-12-01 10:28:25] local.DEBUG: SQL {"sql":"select * from `users` where `id` = 1 and `users`.`deleted_at` is null limit 1","time":"10.74 ms"} 
[2020-12-01 10:28:25] local.DEBUG: SQL {"sql":"select `users`.*, `relations`.`followed_id` as `pivot_followed_id`, `relations`.`user_id` as `pivot_user_id` from `users` inner join `relations` on `users`.`id` = `relations`.`user_id` where `relations`.`followed_id` = 1 and `users`.`deleted_at` is null order by `created_at` desc limit 10 offset 0","time":"3.45 ms"} 
[2020-12-01 10:28:52] local.DEBUG: SQL {"sql":"select * from `users` where `id` = 1 and `users`.`deleted_at` is null limit 1","time":"3.94 ms"} 
[2020-12-01 10:28:52] local.DEBUG: SQL {"sql":"select `users`.*, `relations`.`user_id` as `pivot_user_id`, `relations`.`followed_id` as `pivot_followed_id` from `users` inner join `relations` on `users`.`id` = `relations`.`followed_id` where `relations`.`user_id` in (1) and `users`.`deleted_at` is null","time":"0.98 ms"} 
[2020-12-01 10:28:52] local.DEBUG: SQL {"sql":"select `users`.*, `relations`.`followed_id` as `pivot_followed_id`, `relations`.`user_id` as `pivot_user_id` from `users` inner join `relations` on `users`.`id` = `relations`.`user_id` where `relations`.`followed_id` in (1) and `users`.`deleted_at` is null","time":"1 ms"} 
[2020-12-01 10:28:55] local.DEBUG: SQL {"sql":"select * from `users` where `id` = 1 and `users`.`deleted_at` is null limit 1","time":"9.64 ms"} 
[2020-12-01 10:28:55] local.DEBUG: SQL {"sql":"select `users`.*, `relations`.`followed_id` as `pivot_followed_id`, `relations`.`user_id` as `pivot_user_id` from `users` inner join `relations` on `users`.`id` = `relations`.`user_id` where `relations`.`followed_id` = 1 and `users`.`deleted_at` is null order by `created_at` desc limit 10 offset 0","time":"8.12 ms"} 
[2020-12-01 10:31:32] local.DEBUG: SQL {"sql":"select * from `users` where `id` = 1 and `users`.`deleted_at` is null limit 1","time":"4.76 ms"} 
[2020-12-01 10:31:32] local.DEBUG: SQL {"sql":"select `users`.*, `relations`.`user_id` as `pivot_user_id`, `relations`.`followed_id` as `pivot_followed_id` from `users` inner join `relations` on `users`.`id` = `relations`.`followed_id` where `relations`.`user_id` in (1) and `users`.`deleted_at` is null","time":"0.97 ms"} 
[2020-12-01 10:31:32] local.DEBUG: SQL {"sql":"select `users`.*, `relations`.`followed_id` as `pivot_followed_id`, `relations`.`user_id` as `pivot_user_id` from `users` inner join `relations` on `users`.`id` = `relations`.`user_id` where `relations`.`followed_id` in (1) and `users`.`deleted_at` is null","time":"1.22 ms"} 
[2020-12-01 10:31:33] local.DEBUG: SQL {"sql":"select * from `users` where `id` = 1 and `users`.`deleted_at` is null limit 1","time":"49.8 ms"} 
[2020-12-01 10:31:33] local.DEBUG: SQL {"sql":"select `users`.*, `relations`.`followed_id` as `pivot_followed_id`, `relations`.`user_id` as `pivot_user_id` from `users` inner join `relations` on `users`.`id` = `relations`.`user_id` where `relations`.`followed_id` = 1 and `users`.`deleted_at` is null order by `created_at` desc limit 10 offset 0","time":"1.64 ms"} 
[2020-12-01 10:32:00] local.DEBUG: SQL {"sql":"select * from `users` where `id` = 1 and `users`.`deleted_at` is null limit 1","time":"9.17 ms"} 
[2020-12-01 10:32:00] local.DEBUG: SQL {"sql":"select `users`.*, `relations`.`user_id` as `pivot_user_id`, `relations`.`followed_id` as `pivot_followed_id` from `users` inner join `relations` on `users`.`id` = `relations`.`followed_id` where `relations`.`user_id` in (1) and `users`.`deleted_at` is null","time":"2.58 ms"} 
[2020-12-01 10:32:00] local.DEBUG: SQL {"sql":"select `users`.*, `relations`.`followed_id` as `pivot_followed_id`, `relations`.`user_id` as `pivot_user_id` from `users` inner join `relations` on `users`.`id` = `relations`.`user_id` where `relations`.`followed_id` in (1) and `users`.`deleted_at` is null","time":"1.25 ms"} 
[2020-12-01 10:32:01] local.DEBUG: SQL {"sql":"select * from `users` where `id` = 1 and `users`.`deleted_at` is null limit 1","time":"7.65 ms"} 
[2020-12-01 10:32:01] local.DEBUG: SQL {"sql":"select `users`.*, `relations`.`followed_id` as `pivot_followed_id`, `relations`.`user_id` as `pivot_user_id` from `users` inner join `relations` on `users`.`id` = `relations`.`user_id` where `relations`.`followed_id` = 1 and `users`.`deleted_at` is null order by `created_at` desc limit 10 offset 0","time":"1.42 ms"} 
[2020-12-01 10:32:13] local.DEBUG: SQL {"sql":"select * from `users` where `id` = 1 and `users`.`deleted_at` is null limit 1","time":"8.29 ms"} 
[2020-12-01 10:32:13] local.DEBUG: SQL {"sql":"select * from `steps` where `steps`.`user_id` = 1 and `steps`.`user_id` is not null and `steps`.`deleted_at` is null order by `created_at` desc limit 10 offset 0","time":"1.29 ms"} 
[2020-12-01 10:32:13] local.DEBUG: SQL {"sql":"select * from `categories` where `categories`.`id` in (2, 3)","time":"4.75 ms"} 
[2020-12-01 10:32:13] local.DEBUG: SQL {"sql":"select * from `users` where `users`.`id` in (1) and `users`.`deleted_at` is null","time":"1.41 ms"} 
[2020-12-01 10:32:41] local.DEBUG: SQL {"sql":"select * from `users` where `id` = 1 and `users`.`deleted_at` is null limit 1","time":"5.6 ms"} 
[2020-12-01 10:32:41] local.DEBUG: SQL {"sql":"select `users`.*, `relations`.`user_id` as `pivot_user_id`, `relations`.`followed_id` as `pivot_followed_id` from `users` inner join `relations` on `users`.`id` = `relations`.`followed_id` where `relations`.`user_id` in (1) and `users`.`deleted_at` is null","time":"1.11 ms"} 
[2020-12-01 10:32:41] local.DEBUG: SQL {"sql":"select `users`.*, `relations`.`followed_id` as `pivot_followed_id`, `relations`.`user_id` as `pivot_user_id` from `users` inner join `relations` on `users`.`id` = `relations`.`user_id` where `relations`.`followed_id` in (1) and `users`.`deleted_at` is null","time":"1.78 ms"} 
[2020-12-01 10:32:49] local.DEBUG: SQL {"sql":"select * from `users` where `id` = 1 and `users`.`deleted_at` is null limit 1","time":"16.25 ms"} 
[2020-12-01 10:32:50] local.DEBUG: SQL {"sql":"select `users`.*, `relations`.`followed_id` as `pivot_followed_id`, `relations`.`user_id` as `pivot_user_id` from `users` inner join `relations` on `users`.`id` = `relations`.`user_id` where `relations`.`followed_id` = 1 and `users`.`deleted_at` is null order by `created_at` desc limit 10 offset 0","time":"2.33 ms"} 
[2020-12-01 10:32:54] local.DEBUG: SQL {"sql":"select * from `users` where `id` = 1 and `users`.`deleted_at` is null limit 1","time":"6.38 ms"} 
[2020-12-01 10:32:57] local.DEBUG: SQL {"sql":"select * from `users` where `id` = 1 and `users`.`deleted_at` is null limit 1","time":"8.04 ms"} 
[2020-12-01 10:32:58] local.DEBUG: SQL {"sql":"select * from `users` where `id` = 1 and `users`.`deleted_at` is null limit 1","time":"6.64 ms"} 
[2020-12-01 10:32:59] local.DEBUG: SQL {"sql":"select * from `users` where `id` = 1 and `users`.`deleted_at` is null limit 1","time":"55.6 ms"} 
[2020-12-01 10:32:59] local.DEBUG: SQL {"sql":"select * from `users` where `id` = 1 and `users`.`deleted_at` is null limit 1","time":"20.39 ms"} 
[2020-12-01 10:32:59] local.DEBUG: SQL {"sql":"select * from `categories`","time":"8.44 ms"} 
[2020-12-01 10:32:59] local.DEBUG: SQL {"sql":"select * from `steps` where `steps`.`deleted_at` is null order by `created_at` desc limit 10 offset 0","time":"4.36 ms"} 
[2020-12-01 10:32:59] local.DEBUG: SQL {"sql":"select * from `users` where `users`.`id` in (1) and `users`.`deleted_at` is null","time":"1.27 ms"} 
[2020-12-01 10:32:59] local.DEBUG: SQL {"sql":"select * from `categories` where `categories`.`id` in (2, 3)","time":"6.76 ms"} 
[2020-12-01 10:33:00] local.DEBUG: SQL {"sql":"select * from `challenges` where `challenges`.`step_id` in (1, 2, 3) and `user_id` = 1","time":"53.38 ms"} 
[2020-12-01 10:33:00] local.DEBUG: SQL {"sql":"select * from `clears` where `clears`.`step_id` in (1, 2, 3) and `user_id` = 1","time":"2.45 ms"} 
[2020-12-01 10:33:01] local.DEBUG: SQL {"sql":"select * from `users` where `id` = 1 and `users`.`deleted_at` is null limit 1","time":"63.63 ms"} 
[2020-12-01 10:33:01] local.DEBUG: SQL {"sql":"select * from `steps` where `steps`.`deleted_at` is null order by `created_at` desc limit 10 offset 3","time":"1.45 ms"} 
[2020-12-01 10:33:08] local.DEBUG: SQL {"sql":"select * from `users` where `id` = 1 and `users`.`deleted_at` is null limit 1","time":"5.88 ms"} 
[2020-12-01 10:33:08] local.DEBUG: SQL {"sql":"select `users`.*, `relations`.`user_id` as `pivot_user_id`, `relations`.`followed_id` as `pivot_followed_id` from `users` inner join `relations` on `users`.`id` = `relations`.`followed_id` where `relations`.`user_id` in (1) and `users`.`deleted_at` is null","time":"0.77 ms"} 
[2020-12-01 10:33:08] local.DEBUG: SQL {"sql":"select `users`.*, `relations`.`followed_id` as `pivot_followed_id`, `relations`.`user_id` as `pivot_user_id` from `users` inner join `relations` on `users`.`id` = `relations`.`user_id` where `relations`.`followed_id` in (1) and `users`.`deleted_at` is null","time":"1.08 ms"} 
[2020-12-01 10:33:09] local.DEBUG: SQL {"sql":"select * from `users` where `id` = 1 and `users`.`deleted_at` is null limit 1","time":"5.1 ms"} 
[2020-12-01 10:33:09] local.DEBUG: SQL {"sql":"select * from `steps` where `steps`.`user_id` = 1 and `steps`.`user_id` is not null and `steps`.`deleted_at` is null order by `created_at` desc limit 10 offset 0","time":"3.15 ms"} 
[2020-12-01 10:33:09] local.DEBUG: SQL {"sql":"select * from `categories` where `categories`.`id` in (2, 3)","time":"1.37 ms"} 
[2020-12-01 10:33:09] local.DEBUG: SQL {"sql":"select * from `users` where `users`.`id` in (1) and `users`.`deleted_at` is null","time":"0.94 ms"} 
[2020-12-01 10:33:14] local.DEBUG: SQL {"sql":"select * from `users` where `id` = 1 and `users`.`deleted_at` is null limit 1","time":"9.03 ms"} 
[2020-12-01 10:33:14] local.DEBUG: SQL {"sql":"select * from `steps` where `steps`.`user_id` = 1 and `steps`.`user_id` is not null and `steps`.`deleted_at` is null order by `created_at` desc limit 10 offset 3","time":"1.37 ms"} 
[2020-12-01 10:33:18] local.DEBUG: SQL {"sql":"select * from `users` where `id` = 1 and `users`.`deleted_at` is null limit 1","time":"13.87 ms"} 
[2020-12-01 10:33:18] local.DEBUG: SQL {"sql":"select `users`.*, `relations`.`followed_id` as `pivot_followed_id`, `relations`.`user_id` as `pivot_user_id` from `users` inner join `relations` on `users`.`id` = `relations`.`user_id` where `relations`.`followed_id` = 1 and `users`.`deleted_at` is null order by `created_at` desc limit 10 offset 0","time":"1.76 ms"} 
[2020-12-01 10:34:20] local.DEBUG: SQL {"sql":"select * from `users` where `id` = 1 and `users`.`deleted_at` is null limit 1","time":"11.58 ms"} 
[2020-12-01 10:34:20] local.DEBUG: SQL {"sql":"select `users`.*, `relations`.`user_id` as `pivot_user_id`, `relations`.`followed_id` as `pivot_followed_id` from `users` inner join `relations` on `users`.`id` = `relations`.`followed_id` where `relations`.`user_id` in (1) and `users`.`deleted_at` is null","time":"1.17 ms"} 
[2020-12-01 10:34:20] local.DEBUG: SQL {"sql":"select `users`.*, `relations`.`followed_id` as `pivot_followed_id`, `relations`.`user_id` as `pivot_user_id` from `users` inner join `relations` on `users`.`id` = `relations`.`user_id` where `relations`.`followed_id` in (1) and `users`.`deleted_at` is null","time":"0.86 ms"} 
[2020-12-01 10:34:22] local.DEBUG: SQL {"sql":"select * from `users` where `id` = 1 and `users`.`deleted_at` is null limit 1","time":"23.5 ms"} 
[2020-12-01 10:34:22] local.DEBUG: SQL {"sql":"select `users`.*, `relations`.`followed_id` as `pivot_followed_id`, `relations`.`user_id` as `pivot_user_id` from `users` inner join `relations` on `users`.`id` = `relations`.`user_id` where `relations`.`followed_id` = 1 and `users`.`deleted_at` is null order by `created_at` desc limit 10 offset 0","time":"2.5 ms"} 
[2020-12-01 10:35:09] local.DEBUG: SQL {"sql":"select * from `users` where `id` = 1 and `users`.`deleted_at` is null limit 1","time":"4.81 ms"} 
[2020-12-01 10:35:09] local.DEBUG: SQL {"sql":"select `users`.*, `relations`.`user_id` as `pivot_user_id`, `relations`.`followed_id` as `pivot_followed_id` from `users` inner join `relations` on `users`.`id` = `relations`.`followed_id` where `relations`.`user_id` in (1) and `users`.`deleted_at` is null","time":"1 ms"} 
[2020-12-01 10:35:09] local.DEBUG: SQL {"sql":"select `users`.*, `relations`.`followed_id` as `pivot_followed_id`, `relations`.`user_id` as `pivot_user_id` from `users` inner join `relations` on `users`.`id` = `relations`.`user_id` where `relations`.`followed_id` in (1) and `users`.`deleted_at` is null","time":"0.92 ms"} 
[2020-12-01 10:35:11] local.DEBUG: SQL {"sql":"select * from `users` where `id` = 1 and `users`.`deleted_at` is null limit 1","time":"16.84 ms"} 
[2020-12-01 10:35:11] local.DEBUG: SQL {"sql":"select `users`.*, `relations`.`followed_id` as `pivot_followed_id`, `relations`.`user_id` as `pivot_user_id` from `users` inner join `relations` on `users`.`id` = `relations`.`user_id` where `relations`.`followed_id` = 1 and `users`.`deleted_at` is null order by `created_at` desc limit 10 offset 0","time":"2.16 ms"} 
[2020-12-01 10:35:26] local.DEBUG: SQL {"sql":"select * from `users` where `id` = 1 and `users`.`deleted_at` is null limit 1","time":"4.72 ms"} 
[2020-12-01 10:35:26] local.DEBUG: SQL {"sql":"select `users`.*, `relations`.`user_id` as `pivot_user_id`, `relations`.`followed_id` as `pivot_followed_id` from `users` inner join `relations` on `users`.`id` = `relations`.`followed_id` where `relations`.`user_id` in (1) and `users`.`deleted_at` is null","time":"1.13 ms"} 
[2020-12-01 10:35:26] local.DEBUG: SQL {"sql":"select `users`.*, `relations`.`followed_id` as `pivot_followed_id`, `relations`.`user_id` as `pivot_user_id` from `users` inner join `relations` on `users`.`id` = `relations`.`user_id` where `relations`.`followed_id` in (1) and `users`.`deleted_at` is null","time":"0.72 ms"} 
[2020-12-01 10:35:27] local.DEBUG: SQL {"sql":"select * from `users` where `id` = 1 and `users`.`deleted_at` is null limit 1","time":"6.28 ms"} 
[2020-12-01 10:35:27] local.DEBUG: SQL {"sql":"select `users`.*, `relations`.`followed_id` as `pivot_followed_id`, `relations`.`user_id` as `pivot_user_id` from `users` inner join `relations` on `users`.`id` = `relations`.`user_id` where `relations`.`followed_id` = 1 and `users`.`deleted_at` is null order by `created_at` desc limit 10 offset 0","time":"3.65 ms"} 
[2020-12-01 10:35:38] local.DEBUG: SQL {"sql":"select * from `users` where `id` = 1 and `users`.`deleted_at` is null limit 1","time":"8.46 ms"} 
[2020-12-01 10:35:38] local.DEBUG: SQL {"sql":"select `users`.*, `relations`.`user_id` as `pivot_user_id`, `relations`.`followed_id` as `pivot_followed_id` from `users` inner join `relations` on `users`.`id` = `relations`.`followed_id` where `relations`.`user_id` = 1 and `users`.`deleted_at` is null order by `created_at` desc limit 10 offset 0","time":"2.22 ms"} 
[2020-12-01 10:35:46] local.DEBUG: SQL {"sql":"select * from `users` where `id` = 1 and `users`.`deleted_at` is null limit 1","time":"8.53 ms"} 
[2020-12-01 10:35:46] local.DEBUG: SQL {"sql":"select count(*) as aggregate from `users` where `email` = 's.ryu1135@gmail.com' and `id` <> '1' and `deleted_at` is null","time":"12.23 ms"} 
[2020-12-01 10:35:49] local.DEBUG: SQL {"sql":"select * from `users` where `id` = 1 and `users`.`deleted_at` is null limit 1","time":"7.6 ms"} 
[2020-12-01 10:35:49] local.DEBUG: SQL {"sql":"select count(*) as aggregate from `users` where `email` = 's.ryu1135@gmail.com' and `id` <> '1' and `deleted_at` is null","time":"1.98 ms"} 
[2020-12-01 10:37:40] local.DEBUG: SQL {"sql":"select * from `users` where `id` = 1 and `users`.`deleted_at` is null limit 1","time":"9.6 ms"} 
[2020-12-01 10:37:40] local.DEBUG: SQL {"sql":"select `users`.*, `relations`.`user_id` as `pivot_user_id`, `relations`.`followed_id` as `pivot_followed_id` from `users` inner join `relations` on `users`.`id` = `relations`.`followed_id` where `relations`.`user_id` in (1) and `users`.`deleted_at` is null","time":"1.58 ms"} 
[2020-12-01 10:37:40] local.DEBUG: SQL {"sql":"select `users`.*, `relations`.`followed_id` as `pivot_followed_id`, `relations`.`user_id` as `pivot_user_id` from `users` inner join `relations` on `users`.`id` = `relations`.`user_id` where `relations`.`followed_id` in (1) and `users`.`deleted_at` is null","time":"1.1 ms"} 
[2020-12-01 10:37:47] local.DEBUG: SQL {"sql":"select * from `users` where `id` = 1 and `users`.`deleted_at` is null limit 1","time":"14.07 ms"} 
[2020-12-01 10:37:47] local.DEBUG: SQL {"sql":"select count(*) as aggregate from `users` where `email` = 's.ryu1135@gmail.com' and `id` <> '1' and `deleted_at` is null","time":"1.31 ms"} 
[2020-12-01 10:38:30] local.DEBUG: SQL {"sql":"select * from `users` where `id` = 1 and `users`.`deleted_at` is null limit 1","time":"5.49 ms"} 
[2020-12-01 10:38:30] local.DEBUG: SQL {"sql":"select `users`.*, `relations`.`user_id` as `pivot_user_id`, `relations`.`followed_id` as `pivot_followed_id` from `users` inner join `relations` on `users`.`id` = `relations`.`followed_id` where `relations`.`user_id` in (1) and `users`.`deleted_at` is null","time":"1.14 ms"} 
[2020-12-01 10:38:30] local.DEBUG: SQL {"sql":"select `users`.*, `relations`.`followed_id` as `pivot_followed_id`, `relations`.`user_id` as `pivot_user_id` from `users` inner join `relations` on `users`.`id` = `relations`.`user_id` where `relations`.`followed_id` in (1) and `users`.`deleted_at` is null","time":"0.81 ms"} 
[2020-12-01 10:38:32] local.DEBUG: SQL {"sql":"select * from `users` where `id` = 1 and `users`.`deleted_at` is null limit 1","time":"4.45 ms"} 
[2020-12-01 10:38:32] local.DEBUG: SQL {"sql":"select count(*) as aggregate from `users` where `email` = 's.ryu1135@gmail.com' and `id` <> '1' and `deleted_at` is null","time":"1.09 ms"} 
[2020-12-01 10:38:54] local.DEBUG: SQL {"sql":"select * from `users` where `id` = 1 and `users`.`deleted_at` is null limit 1","time":"23.96 ms"} 
[2020-12-01 10:38:54] local.DEBUG: SQL {"sql":"select `users`.*, `relations`.`user_id` as `pivot_user_id`, `relations`.`followed_id` as `pivot_followed_id` from `users` inner join `relations` on `users`.`id` = `relations`.`followed_id` where `relations`.`user_id` in (1) and `users`.`deleted_at` is null","time":"6.89 ms"} 
[2020-12-01 10:38:54] local.DEBUG: SQL {"sql":"select `users`.*, `relations`.`followed_id` as `pivot_followed_id`, `relations`.`user_id` as `pivot_user_id` from `users` inner join `relations` on `users`.`id` = `relations`.`user_id` where `relations`.`followed_id` in (1) and `users`.`deleted_at` is null","time":"1.12 ms"} 
[2020-12-01 10:38:57] local.DEBUG: SQL {"sql":"select * from `users` where `id` = 1 and `users`.`deleted_at` is null limit 1","time":"6.1 ms"} 
[2020-12-01 10:38:58] local.DEBUG: SQL {"sql":"select count(*) as aggregate from `users` where `email` = 's.ryu1135@gmail.com' and `id` <> '1' and `deleted_at` is null","time":"1.28 ms"} 
[2020-12-01 10:39:15] local.DEBUG: SQL {"sql":"select * from `users` where `id` = 1 and `users`.`deleted_at` is null limit 1","time":"9.04 ms"} 
[2020-12-01 10:39:15] local.DEBUG: SQL {"sql":"select `users`.*, `relations`.`user_id` as `pivot_user_id`, `relations`.`followed_id` as `pivot_followed_id` from `users` inner join `relations` on `users`.`id` = `relations`.`followed_id` where `relations`.`user_id` in (1) and `users`.`deleted_at` is null","time":"1.71 ms"} 
[2020-12-01 10:39:15] local.DEBUG: SQL {"sql":"select `users`.*, `relations`.`followed_id` as `pivot_followed_id`, `relations`.`user_id` as `pivot_user_id` from `users` inner join `relations` on `users`.`id` = `relations`.`user_id` where `relations`.`followed_id` in (1) and `users`.`deleted_at` is null","time":"2.09 ms"} 
[2020-12-01 10:39:18] local.DEBUG: SQL {"sql":"select * from `users` where `id` = 1 and `users`.`deleted_at` is null limit 1","time":"38.42 ms"} 
[2020-12-01 10:39:18] local.DEBUG: SQL {"sql":"select count(*) as aggregate from `users` where `email` = 's.ryu1135@gmail.com' and `id` <> '1' and `deleted_at` is null","time":"1.39 ms"} 
[2020-12-01 10:39:42] local.DEBUG: SQL {"sql":"select * from `users` where `id` = 1 and `users`.`deleted_at` is null limit 1","time":"7.5 ms"} 
[2020-12-01 10:39:42] local.DEBUG: SQL {"sql":"select `users`.*, `relations`.`user_id` as `pivot_user_id`, `relations`.`followed_id` as `pivot_followed_id` from `users` inner join `relations` on `users`.`id` = `relations`.`followed_id` where `relations`.`user_id` in (1) and `users`.`deleted_at` is null","time":"1.33 ms"} 
[2020-12-01 10:39:42] local.DEBUG: SQL {"sql":"select `users`.*, `relations`.`followed_id` as `pivot_followed_id`, `relations`.`user_id` as `pivot_user_id` from `users` inner join `relations` on `users`.`id` = `relations`.`user_id` where `relations`.`followed_id` in (1) and `users`.`deleted_at` is null","time":"1.04 ms"} 
[2020-12-01 10:39:44] local.DEBUG: SQL {"sql":"select * from `users` where `id` = 1 and `users`.`deleted_at` is null limit 1","time":"9.63 ms"} 
[2020-12-01 10:39:45] local.DEBUG: SQL {"sql":"select * from `users` where `id` = 1 and `users`.`deleted_at` is null limit 1","time":"8.47 ms"} 
[2020-12-01 10:39:45] local.DEBUG: SQL {"sql":"select * from `users` where `id` = 1 and `users`.`deleted_at` is null limit 1","time":"16.63 ms"} 
[2020-12-01 10:39:45] local.DEBUG: SQL {"sql":"select * from `steps` where `steps`.`deleted_at` is null order by `created_at` desc limit 10 offset 0","time":"4.95 ms"} 
[2020-12-01 10:39:45] local.DEBUG: SQL {"sql":"select * from `users` where `users`.`id` in (1) and `users`.`deleted_at` is null","time":"12.7 ms"} 
[2020-12-01 10:39:45] local.DEBUG: SQL {"sql":"select * from `categories` where `categories`.`id` in (2, 3)","time":"14.9 ms"} 
[2020-12-01 10:39:45] local.DEBUG: SQL {"sql":"select * from `users` where `id` = 1 and `users`.`deleted_at` is null limit 1","time":"66.21 ms"} 
[2020-12-01 10:39:45] local.DEBUG: SQL {"sql":"select * from `challenges` where `challenges`.`step_id` in (1, 2, 3) and `user_id` = 1","time":"28.04 ms"} 
[2020-12-01 10:39:45] local.DEBUG: SQL {"sql":"select * from `clears` where `clears`.`step_id` in (1, 2, 3) and `user_id` = 1","time":"1.84 ms"} 
[2020-12-01 10:39:46] local.DEBUG: SQL {"sql":"select * from `categories`","time":"7.23 ms"} 
[2020-12-01 10:39:47] local.DEBUG: SQL {"sql":"select * from `users` where `id` = 1 and `users`.`deleted_at` is null limit 1","time":"9.46 ms"} 
[2020-12-01 10:39:47] local.DEBUG: SQL {"sql":"select * from `steps` where `steps`.`id` = '3' and `steps`.`deleted_at` is null limit 1","time":"1.86 ms"} 
[2020-12-01 10:39:47] local.DEBUG: SQL {"sql":"select * from `users` where `users`.`id` in (1) and `users`.`deleted_at` is null","time":"0.96 ms"} 
[2020-12-01 10:39:47] local.DEBUG: SQL {"sql":"select * from `categories` where `categories`.`id` in (3)","time":"2.47 ms"} 
[2020-12-01 10:39:47] local.DEBUG: SQL {"sql":"select * from `stages` where `stages`.`step_id` in (3)","time":"9.95 ms"} 
[2020-12-01 10:39:47] local.DEBUG: SQL {"sql":"select count(*) as aggregate from `likes` where `step_id` = '3'","time":"55.2 ms"} 
[2020-12-01 10:39:47] local.DEBUG: SQL {"sql":"select exists(select * from `likes` where `user_id` = 1 and `step_id` = '3') as `exists`","time":"6.16 ms"} 
[2020-12-01 10:39:47] local.DEBUG: SQL {"sql":"select exists(select * from `challenges` where `user_id` = 1 and `step_id` = 3) as `exists`","time":"0.95 ms"} 
[2020-12-01 10:39:47] local.DEBUG: SQL {"sql":"select exists(select * from `clears` where `user_id` = 1 and `step_id` = 3) as `exists`","time":"15.72 ms"} 
[2020-12-01 10:39:58] local.DEBUG: SQL {"sql":"select * from `users` where `id` = 1 and `users`.`deleted_at` is null limit 1","time":"4.18 ms"} 
[2020-12-01 10:39:58] local.DEBUG: SQL {"sql":"select * from `users` where `id` = 1 and `users`.`deleted_at` is null limit 1","time":"5.07 ms"} 
[2020-12-01 10:39:59] local.DEBUG: SQL {"sql":"select * from `users` where `id` = 1 and `users`.`deleted_at` is null limit 1","time":"6.47 ms"} 
[2020-12-01 10:39:59] local.DEBUG: SQL {"sql":"select * from `categories`","time":"1.7 ms"} 
[2020-12-01 10:40:00] local.DEBUG: SQL {"sql":"select * from `users` where `id` = 1 and `users`.`deleted_at` is null limit 1","time":"7.1 ms"} 
[2020-12-01 10:40:00] local.DEBUG: SQL {"sql":"select * from `steps` where `steps`.`deleted_at` is null order by `created_at` desc limit 10 offset 0","time":"1.44 ms"} 
[2020-12-01 10:40:00] local.DEBUG: SQL {"sql":"select * from `users` where `users`.`id` in (1) and `users`.`deleted_at` is null","time":"1.47 ms"} 
[2020-12-01 10:40:00] local.DEBUG: SQL {"sql":"select * from `categories` where `categories`.`id` in (2, 3)","time":"1.96 ms"} 
[2020-12-01 10:40:00] local.DEBUG: SQL {"sql":"select * from `challenges` where `challenges`.`step_id` in (1, 2, 3) and `user_id` = 1","time":"2.11 ms"} 
[2020-12-01 10:40:00] local.DEBUG: SQL {"sql":"select * from `clears` where `clears`.`step_id` in (1, 2, 3) and `user_id` = 1","time":"1.81 ms"} 
[2020-12-01 10:40:01] local.DEBUG: SQL {"sql":"select * from `users` where `id` = 1 and `users`.`deleted_at` is null limit 1","time":"5.59 ms"} 
[2020-12-01 10:40:01] local.DEBUG: SQL {"sql":"select * from `categories`","time":"0.98 ms"} 
[2020-12-01 10:40:17] local.DEBUG: SQL {"sql":"select * from `users` where `id` = 1 and `users`.`deleted_at` is null limit 1","time":"4.31 ms"} 
[2020-12-01 10:40:17] local.DEBUG: SQL {"sql":"insert into `steps` (`category_id`, `title`, `description`, `user_id`, `updated_at`, `created_at`) values ('3', '', 'fawefawf', 1, '2020-12-01 10:40:17', '2020-12-01 10:40:17')","time":"31.62 ms"} 
[2020-12-01 10:40:17] local.DEBUG: SQL {"sql":"insert into `stages` (`user_id`, `title`, `summary`, `time`, `step_id`, `updated_at`, `created_at`) values (1, 'faef', 'fawef', '32', 4, '2020-12-01 10:40:17', '2020-12-01 10:40:17')","time":"6.35 ms"} 
[2020-12-01 10:40:17] local.DEBUG: SQL {"sql":"insert into `stages` (`user_id`, `title`, `summary`, `time`, `step_id`, `updated_at`, `created_at`) values (1, 'faefa', 'faefa', '32', 4, '2020-12-01 10:40:17', '2020-12-01 10:40:17')","time":"9.86 ms"} 
[2020-12-01 10:40:17] local.DEBUG: SQL {"sql":"insert into `stages` (`user_id`, `title`, `summary`, `time`, `step_id`, `updated_at`, `created_at`) values (1, 'fafafe', NULL, '3', 4, '2020-12-01 10:40:17', '2020-12-01 10:40:17')","time":"6.7 ms"} 
[2020-12-01 10:40:18] local.DEBUG: SQL {"sql":"select * from `users` where `id` = 1 and `users`.`deleted_at` is null limit 1","time":"5.15 ms"} 
[2020-12-01 10:40:19] local.DEBUG: SQL {"sql":"select * from `users` where `id` = 1 and `users`.`deleted_at` is null limit 1","time":"15.09 ms"} 
[2020-12-01 10:40:19] local.DEBUG: SQL {"sql":"select * from `categories`","time":"1.09 ms"} 
[2020-12-01 10:40:19] local.DEBUG: SQL {"sql":"select * from `users` where `id` = 1 and `users`.`deleted_at` is null limit 1","time":"6.95 ms"} 
[2020-12-01 10:40:19] local.DEBUG: SQL {"sql":"select * from `steps` where `steps`.`deleted_at` is null order by `created_at` desc limit 10 offset 0","time":"0.66 ms"} 
[2020-12-01 10:40:19] local.DEBUG: SQL {"sql":"select * from `users` where `users`.`id` in (1) and `users`.`deleted_at` is null","time":"1.09 ms"} 
[2020-12-01 10:40:19] local.DEBUG: SQL {"sql":"select * from `categories` where `categories`.`id` in (2, 3)","time":"1.06 ms"} 
[2020-12-01 10:40:19] local.DEBUG: SQL {"sql":"select * from `challenges` where `challenges`.`step_id` in (1, 2, 3, 4) and `user_id` = 1","time":"0.78 ms"} 
[2020-12-01 10:40:19] local.DEBUG: SQL {"sql":"select * from `clears` where `clears`.`step_id` in (1, 2, 3, 4) and `user_id` = 1","time":"1.32 ms"} 
[2020-12-01 10:40:21] local.DEBUG: SQL {"sql":"select * from `users` where `id` = 1 and `users`.`deleted_at` is null limit 1","time":"3.89 ms"} 
[2020-12-01 10:40:21] local.DEBUG: SQL {"sql":"select * from `steps` where `steps`.`id` = '4' and `steps`.`deleted_at` is null limit 1","time":"1.19 ms"} 
[2020-12-01 10:40:21] local.DEBUG: SQL {"sql":"select * from `users` where `users`.`id` in (1) and `users`.`deleted_at` is null","time":"0.75 ms"} 
[2020-12-01 10:40:21] local.DEBUG: SQL {"sql":"select * from `categories` where `categories`.`id` in (3)","time":"0.76 ms"} 
[2020-12-01 10:40:21] local.DEBUG: SQL {"sql":"select * from `stages` where `stages`.`step_id` in (4)","time":"1.27 ms"} 
[2020-12-01 10:40:21] local.DEBUG: SQL {"sql":"select count(*) as aggregate from `likes` where `step_id` = '4'","time":"1.29 ms"} 
[2020-12-01 10:40:21] local.DEBUG: SQL {"sql":"select exists(select * from `likes` where `user_id` = 1 and `step_id` = '4') as `exists`","time":"0.97 ms"} 
[2020-12-01 10:40:21] local.DEBUG: SQL {"sql":"select exists(select * from `challenges` where `user_id` = 1 and `step_id` = 4) as `exists`","time":"1.17 ms"} 
[2020-12-01 10:40:21] local.DEBUG: SQL {"sql":"select exists(select * from `clears` where `user_id` = 1 and `step_id` = 4) as `exists`","time":"1.54 ms"} 
[2020-12-01 10:40:27] local.DEBUG: SQL {"sql":"select * from `users` where `id` = 1 and `users`.`deleted_at` is null limit 1","time":"4.63 ms"} 
[2020-12-01 10:40:27] local.DEBUG: SQL {"sql":"select * from `steps` where `steps`.`id` = '4' and `steps`.`deleted_at` is null limit 1","time":"2.75 ms"} 
[2020-12-01 10:40:27] local.DEBUG: SQL {"sql":"select * from `stages` where `stages`.`step_id` in (4)","time":"1.06 ms"} 
[2020-12-01 10:40:27] local.DEBUG: SQL {"sql":"insert into `challenges` (`user_id`, `step_id`, `updated_at`, `created_at`) values (1, 4, '2020-12-01 10:40:27', '2020-12-01 10:40:27')","time":"7.35 ms"} 
[2020-12-01 10:40:31] local.DEBUG: SQL {"sql":"select * from `users` where `id` = 1 and `users`.`deleted_at` is null limit 1","time":"4.89 ms"} 
[2020-12-01 10:40:31] local.DEBUG: SQL {"sql":"select * from `stages` where `stages`.`id` = '7' limit 1","time":"1.19 ms"} 
[2020-12-01 10:40:32] local.DEBUG: SQL {"sql":"insert into `achievements` (`user_id`, `stage_id`, `updated_at`, `created_at`) values (1, 7, '2020-12-01 10:40:32', '2020-12-01 10:40:32')","time":"4.31 ms"} 
[2020-12-01 10:40:32] local.DEBUG: SQL {"sql":"select * from `steps` where `steps`.`id` = 4 and `steps`.`deleted_at` is null limit 1","time":"1.17 ms"} 
[2020-12-01 10:40:32] local.DEBUG: SQL {"sql":"select * from `stages` where `stages`.`step_id` in (4)","time":"1.68 ms"} 
[2020-12-01 10:40:32] local.DEBUG: SQL {"sql":"select * from `stages` where `stages`.`id` = 8 limit 1","time":"1.1 ms"} 
[2020-12-01 10:40:32] local.DEBUG: SQL {"sql":"select exists(select * from `achievements` where `user_id` = 1 and `stage_id` = 8) as `exists`","time":"1.09 ms"} 
[2020-12-01 10:40:36] local.DEBUG: SQL {"sql":"select * from `users` where `id` = 1 and `users`.`deleted_at` is null limit 1","time":"6.14 ms"} 
[2020-12-01 10:40:36] local.DEBUG: SQL {"sql":"select * from `stages` where `stages`.`id` = '8' limit 1","time":"1.42 ms"} 
[2020-12-01 10:40:36] local.DEBUG: SQL {"sql":"insert into `achievements` (`user_id`, `stage_id`, `updated_at`, `created_at`) values (1, 8, '2020-12-01 10:40:36', '2020-12-01 10:40:36')","time":"11.42 ms"} 
[2020-12-01 10:40:36] local.DEBUG: SQL {"sql":"select * from `steps` where `steps`.`id` = 4 and `steps`.`deleted_at` is null limit 1","time":"4.73 ms"} 
[2020-12-01 10:40:36] local.DEBUG: SQL {"sql":"select * from `stages` where `stages`.`step_id` in (4)","time":"2.55 ms"} 
[2020-12-01 10:40:36] local.DEBUG: SQL {"sql":"select * from `stages` where `stages`.`id` = 9 limit 1","time":"3.62 ms"} 
[2020-12-01 10:40:36] local.DEBUG: SQL {"sql":"select exists(select * from `achievements` where `user_id` = 1 and `stage_id` = 9) as `exists`","time":"1.05 ms"} 
[2020-12-01 10:40:39] local.DEBUG: SQL {"sql":"select * from `users` where `id` = 1 and `users`.`deleted_at` is null limit 1","time":"4.75 ms"} 
[2020-12-01 10:40:39] local.DEBUG: SQL {"sql":"select * from `stages` where `stages`.`id` = '9' limit 1","time":"0.81 ms"} 
[2020-12-01 10:40:39] local.DEBUG: SQL {"sql":"select exists(select * from `challenges` where `user_id` = 1 and `step_id` = 4) as `exists`","time":"1.59 ms"} 
[2020-12-01 10:40:39] local.DEBUG: SQL {"sql":"select * from `stages` where `step_id` = 4","time":"0.88 ms"} 
[2020-12-01 10:40:39] local.DEBUG: SQL {"sql":"select exists(select * from `achievements` where `user_id` = 1 and `stage_id` = '9') as `exists`","time":"0.79 ms"} 
[2020-12-01 10:40:39] local.DEBUG: SQL {"sql":"select exists(select * from `achievements` where `user_id` = 1 and `stage_id` = 8) as `exists`","time":"4.72 ms"} 
[2020-12-01 10:40:42] local.DEBUG: SQL {"sql":"select * from `users` where `id` = 1 and `users`.`deleted_at` is null limit 1","time":"8.73 ms"} 
[2020-12-01 10:40:42] local.DEBUG: SQL {"sql":"select * from `stages` where `stages`.`id` = '9' limit 1","time":"3.16 ms"} 
[2020-12-01 10:40:42] local.DEBUG: SQL {"sql":"insert into `achievements` (`user_id`, `stage_id`, `updated_at`, `created_at`) values (1, 9, '2020-12-01 10:40:42', '2020-12-01 10:40:42')","time":"4.42 ms"} 
[2020-12-01 10:40:42] local.DEBUG: SQL {"sql":"select * from `steps` where `steps`.`id` = 4 and `steps`.`deleted_at` is null limit 1","time":"0.89 ms"} 
[2020-12-01 10:40:42] local.DEBUG: SQL {"sql":"select * from `stages` where `stages`.`step_id` in (4)","time":"0.89 ms"} 
[2020-12-01 10:40:42] local.DEBUG: SQL {"sql":"insert into `clears` (`user_id`, `step_id`, `updated_at`, `created_at`) values (1, 4, '2020-12-01 10:40:42', '2020-12-01 10:40:42')","time":"5.21 ms"} 
[2020-12-01 10:40:42] local.DEBUG: SQL {"sql":"delete from `challenges` where `challenges`.`step_id` = 4 and `challenges`.`step_id` is not null and `user_id` = 1","time":"8.5 ms"} 
[2020-12-01 10:40:42] local.DEBUG: SQL {"sql":"select * from `users` where `id` = 1 and `users`.`deleted_at` is null limit 1","time":"5.61 ms"} 
[2020-12-01 10:40:43] local.DEBUG: SQL {"sql":"select * from `users` where `id` = 1 and `users`.`deleted_at` is null limit 1","time":"48.26 ms"} 
[2020-12-01 10:40:43] local.DEBUG: SQL {"sql":"select * from `categories`","time":"1.85 ms"} 
[2020-12-01 10:40:43] local.DEBUG: SQL {"sql":"select * from `users` where `id` = 1 and `users`.`deleted_at` is null limit 1","time":"23.57 ms"} 
[2020-12-01 10:40:43] local.DEBUG: SQL {"sql":"select * from `steps` where `steps`.`deleted_at` is null order by `created_at` desc limit 10 offset 0","time":"1.68 ms"} 
[2020-12-01 10:40:43] local.DEBUG: SQL {"sql":"select * from `users` where `users`.`id` in (1) and `users`.`deleted_at` is null","time":"1.25 ms"} 
[2020-12-01 10:40:43] local.DEBUG: SQL {"sql":"select * from `categories` where `categories`.`id` in (2, 3)","time":"1.83 ms"} 
[2020-12-01 10:40:43] local.DEBUG: SQL {"sql":"select * from `challenges` where `challenges`.`step_id` in (1, 2, 3, 4) and `user_id` = 1","time":"6.83 ms"} 
[2020-12-01 10:40:43] local.DEBUG: SQL {"sql":"select * from `clears` where `clears`.`step_id` in (1, 2, 3, 4) and `user_id` = 1","time":"1.94 ms"} 
[2020-12-01 10:41:45] local.DEBUG: SQL {"sql":"select * from `users` where `id` = 1 and `users`.`deleted_at` is null limit 1","time":"7.45 ms"} 
[2020-12-01 10:41:47] local.DEBUG: SQL {"sql":"select * from `users` where `id` = 1 and `users`.`deleted_at` is null limit 1","time":"11.59 ms"} 
[2020-12-01 10:41:47] local.DEBUG: SQL {"sql":"select * from `categories`","time":"2.16 ms"} 
[2020-12-01 10:41:47] local.DEBUG: SQL {"sql":"select * from `users` where `id` = 1 and `users`.`deleted_at` is null limit 1","time":"12.04 ms"} 
[2020-12-01 10:41:47] local.DEBUG: SQL {"sql":"select * from `steps` where `steps`.`deleted_at` is null order by `created_at` desc limit 10 offset 0","time":"0.83 ms"} 
[2020-12-01 10:41:47] local.DEBUG: SQL {"sql":"select * from `users` where `users`.`id` in (1) and `users`.`deleted_at` is null","time":"0.76 ms"} 
[2020-12-01 10:41:47] local.DEBUG: SQL {"sql":"select * from `categories` where `categories`.`id` in (2, 3)","time":"1.51 ms"} 
[2020-12-01 10:41:47] local.DEBUG: SQL {"sql":"select * from `challenges` where `challenges`.`step_id` in (1, 2, 3, 4) and `user_id` = 1","time":"1.77 ms"} 
[2020-12-01 10:41:47] local.DEBUG: SQL {"sql":"select * from `clears` where `clears`.`step_id` in (1, 2, 3, 4) and `user_id` = 1","time":"2.03 ms"} 
[2020-12-01 10:41:49] local.DEBUG: SQL {"sql":"select * from `users` where `id` = 1 and `users`.`deleted_at` is null limit 1","time":"10.74 ms"} 
[2020-12-01 10:41:50] local.DEBUG: SQL {"sql":"select `users`.*, `relations`.`user_id` as `pivot_user_id`, `relations`.`followed_id` as `pivot_followed_id` from `users` inner join `relations` on `users`.`id` = `relations`.`followed_id` where `relations`.`user_id` in (1) and `users`.`deleted_at` is null","time":"1.09 ms"} 
[2020-12-01 10:41:50] local.DEBUG: SQL {"sql":"select `users`.*, `relations`.`followed_id` as `pivot_followed_id`, `relations`.`user_id` as `pivot_user_id` from `users` inner join `relations` on `users`.`id` = `relations`.`user_id` where `relations`.`followed_id` in (1) and `users`.`deleted_at` is null","time":"0.64 ms"} 
[2020-12-01 10:41:51] local.DEBUG: SQL {"sql":"select * from `users` where `id` = 1 and `users`.`deleted_at` is null limit 1","time":"22.39 ms"} 
[2020-12-01 10:41:51] local.DEBUG: SQL {"sql":"select * from `steps` where `steps`.`user_id` = 1 and `steps`.`user_id` is not null and `steps`.`deleted_at` is null order by `created_at` desc limit 10 offset 0","time":"1.73 ms"} 
[2020-12-01 10:41:51] local.DEBUG: SQL {"sql":"select * from `categories` where `categories`.`id` in (2, 3)","time":"3.06 ms"} 
[2020-12-01 10:41:51] local.DEBUG: SQL {"sql":"select * from `users` where `users`.`id` in (1) and `users`.`deleted_at` is null","time":"1.78 ms"} 
[2020-12-01 10:42:00] local.DEBUG: SQL {"sql":"select * from `users` where `id` = 1 and `users`.`deleted_at` is null limit 1","time":"9.71 ms"} 
[2020-12-01 10:42:00] local.DEBUG: SQL {"sql":"select `users`.*, `relations`.`followed_id` as `pivot_followed_id`, `relations`.`user_id` as `pivot_user_id` from `users` inner join `relations` on `users`.`id` = `relations`.`user_id` where `relations`.`followed_id` = 1 and `users`.`deleted_at` is null order by `created_at` desc limit 10 offset 0","time":"2.27 ms"} 
[2020-12-01 10:42:05] local.DEBUG: SQL {"sql":"select * from `users` where `id` = 1 and `users`.`deleted_at` is null limit 1","time":"8.02 ms"} 
[2020-12-01 10:42:05] local.DEBUG: SQL {"sql":"select count(*) as aggregate from `users` where `email` = 's.ryu1135@gmail.com' and `id` <> '1' and `deleted_at` is null","time":"1.14 ms"} 
[2020-12-01 10:42:29] local.DEBUG: SQL {"sql":"select * from `users` where `id` = 1 and `users`.`deleted_at` is null limit 1","time":"4.97 ms"} 
[2020-12-01 10:42:30] local.DEBUG: SQL {"sql":"select `users`.*, `relations`.`user_id` as `pivot_user_id`, `relations`.`followed_id` as `pivot_followed_id` from `users` inner join `relations` on `users`.`id` = `relations`.`followed_id` where `relations`.`user_id` in (1) and `users`.`deleted_at` is null","time":"0.9 ms"} 
[2020-12-01 10:42:30] local.DEBUG: SQL {"sql":"select `users`.*, `relations`.`followed_id` as `pivot_followed_id`, `relations`.`user_id` as `pivot_user_id` from `users` inner join `relations` on `users`.`id` = `relations`.`user_id` where `relations`.`followed_id` in (1) and `users`.`deleted_at` is null","time":"1.96 ms"} 
[2020-12-01 10:42:32] local.DEBUG: SQL {"sql":"select * from `users` where `id` = 1 and `users`.`deleted_at` is null limit 1","time":"20.08 ms"} 
[2020-12-01 10:42:32] local.DEBUG: SQL {"sql":"select count(*) as aggregate from `users` where `email` = 's.ryu1135@gmail.com' and `id` <> '1' and `deleted_at` is null","time":"1.28 ms"} 
[2020-12-01 10:42:46] local.DEBUG: SQL {"sql":"select * from `users` where `id` = 1 and `users`.`deleted_at` is null limit 1","time":"11.24 ms"} 
[2020-12-01 10:42:46] local.DEBUG: SQL {"sql":"select `users`.*, `relations`.`user_id` as `pivot_user_id`, `relations`.`followed_id` as `pivot_followed_id` from `users` inner join `relations` on `users`.`id` = `relations`.`followed_id` where `relations`.`user_id` in (1) and `users`.`deleted_at` is null","time":"1.09 ms"} 
[2020-12-01 10:42:46] local.DEBUG: SQL {"sql":"select `users`.*, `relations`.`followed_id` as `pivot_followed_id`, `relations`.`user_id` as `pivot_user_id` from `users` inner join `relations` on `users`.`id` = `relations`.`user_id` where `relations`.`followed_id` in (1) and `users`.`deleted_at` is null","time":"2.53 ms"} 
[2020-12-01 10:42:49] local.DEBUG: SQL {"sql":"select * from `users` where `id` = 1 and `users`.`deleted_at` is null limit 1","time":"12.4 ms"} 
[2020-12-01 10:42:49] local.DEBUG: SQL {"sql":"select count(*) as aggregate from `users` where `email` = 's.ryu1135@gmail.com' and `id` <> '1' and `deleted_at` is null","time":"1.07 ms"} 
[2020-12-01 10:43:11] local.DEBUG: SQL {"sql":"select * from `users` where `id` = 1 and `users`.`deleted_at` is null limit 1","time":"4.1 ms"} 
[2020-12-01 10:43:11] local.DEBUG: SQL {"sql":"select `users`.*, `relations`.`user_id` as `pivot_user_id`, `relations`.`followed_id` as `pivot_followed_id` from `users` inner join `relations` on `users`.`id` = `relations`.`followed_id` where `relations`.`user_id` in (1) and `users`.`deleted_at` is null","time":"0.9 ms"} 
[2020-12-01 10:43:11] local.DEBUG: SQL {"sql":"select `users`.*, `relations`.`followed_id` as `pivot_followed_id`, `relations`.`user_id` as `pivot_user_id` from `users` inner join `relations` on `users`.`id` = `relations`.`user_id` where `relations`.`followed_id` in (1) and `users`.`deleted_at` is null","time":"0.81 ms"} 
[2020-12-01 10:43:14] local.DEBUG: SQL {"sql":"select * from `users` where `id` = 1 and `users`.`deleted_at` is null limit 1","time":"17.94 ms"} 
[2020-12-01 10:43:14] local.DEBUG: SQL {"sql":"select count(*) as aggregate from `users` where `email` = 's.ryu1135@gmail.com' and `id` <> '1' and `deleted_at` is null","time":"1.14 ms"} 
[2020-12-01 10:43:22] local.DEBUG: SQL {"sql":"select * from `users` where `id` = 1 and `users`.`deleted_at` is null limit 1","time":"4.81 ms"} 
[2020-12-01 10:43:22] local.DEBUG: SQL {"sql":"select `users`.*, `relations`.`user_id` as `pivot_user_id`, `relations`.`followed_id` as `pivot_followed_id` from `users` inner join `relations` on `users`.`id` = `relations`.`followed_id` where `relations`.`user_id` in (1) and `users`.`deleted_at` is null","time":"0.88 ms"} 
[2020-12-01 10:43:22] local.DEBUG: SQL {"sql":"select `users`.*, `relations`.`followed_id` as `pivot_followed_id`, `relations`.`user_id` as `pivot_user_id` from `users` inner join `relations` on `users`.`id` = `relations`.`user_id` where `relations`.`followed_id` in (1) and `users`.`deleted_at` is null","time":"0.77 ms"} 
[2020-12-01 10:43:25] local.DEBUG: SQL {"sql":"select * from `users` where `id` = 1 and `users`.`deleted_at` is null limit 1","time":"6.86 ms"} 
[2020-12-01 10:43:25] local.DEBUG: SQL {"sql":"select count(*) as aggregate from `users` where `email` = 's.ryu1135@gmail.com' and `id` <> '1' and `deleted_at` is null","time":"3.28 ms"} 
[2020-12-01 10:43:36] local.DEBUG: SQL {"sql":"select * from `users` where `id` = 1 and `users`.`deleted_at` is null limit 1","time":"4.91 ms"} 
[2020-12-01 10:43:36] local.DEBUG: SQL {"sql":"select `users`.*, `relations`.`user_id` as `pivot_user_id`, `relations`.`followed_id` as `pivot_followed_id` from `users` inner join `relations` on `users`.`id` = `relations`.`followed_id` where `relations`.`user_id` in (1) and `users`.`deleted_at` is null","time":"1.56 ms"} 
[2020-12-01 10:43:36] local.DEBUG: SQL {"sql":"select `users`.*, `relations`.`followed_id` as `pivot_followed_id`, `relations`.`user_id` as `pivot_user_id` from `users` inner join `relations` on `users`.`id` = `relations`.`user_id` where `relations`.`followed_id` in (1) and `users`.`deleted_at` is null","time":"0.79 ms"} 
[2020-12-01 10:43:41] local.DEBUG: SQL {"sql":"select * from `users` where `id` = 1 and `users`.`deleted_at` is null limit 1","time":"6.23 ms"} 
[2020-12-01 10:43:41] local.DEBUG: SQL {"sql":"select * from `categories`","time":"1.47 ms"} 
[2020-12-01 10:43:43] local.DEBUG: SQL {"sql":"select * from `users` where `id` = 1 and `users`.`deleted_at` is null limit 1","time":"7.5 ms"} 
[2020-12-01 10:43:44] local.DEBUG: SQL {"sql":"select * from `users` where `id` = 1 and `users`.`deleted_at` is null limit 1","time":"15.53 ms"} 
[2020-12-01 10:43:45] local.DEBUG: SQL {"sql":"select * from `users` where `id` = 1 and `users`.`deleted_at` is null limit 1","time":"19.76 ms"} 
[2020-12-01 10:43:45] local.DEBUG: SQL {"sql":"select * from `categories`","time":"3.25 ms"} 
[2020-12-01 10:43:46] local.DEBUG: SQL {"sql":"select * from `users` where `id` = 1 and `users`.`deleted_at` is null limit 1","time":"14.6 ms"} 
[2020-12-01 10:43:46] local.DEBUG: SQL {"sql":"select * from `steps` where `steps`.`deleted_at` is null order by `created_at` desc limit 10 offset 0","time":"2.96 ms"} 
[2020-12-01 10:43:46] local.DEBUG: SQL {"sql":"select * from `users` where `users`.`id` in (1) and `users`.`deleted_at` is null","time":"8.31 ms"} 
[2020-12-01 10:43:46] local.DEBUG: SQL {"sql":"select * from `categories` where `categories`.`id` in (2, 3)","time":"1.38 ms"} 
[2020-12-01 10:43:46] local.DEBUG: SQL {"sql":"select * from `challenges` where `challenges`.`step_id` in (1, 2, 3, 4) and `user_id` = 1","time":"15.96 ms"} 
[2020-12-01 10:43:46] local.DEBUG: SQL {"sql":"select * from `clears` where `clears`.`step_id` in (1, 2, 3, 4) and `user_id` = 1","time":"1.65 ms"} 
[2020-12-01 10:43:48] local.DEBUG: SQL {"sql":"select * from `users` where `id` = 1 and `users`.`deleted_at` is null limit 1","time":"20.14 ms"} 
[2020-12-01 10:43:48] local.DEBUG: SQL {"sql":"select `users`.*, `relations`.`user_id` as `pivot_user_id`, `relations`.`followed_id` as `pivot_followed_id` from `users` inner join `relations` on `users`.`id` = `relations`.`followed_id` where `relations`.`user_id` in (1) and `users`.`deleted_at` is null","time":"2.64 ms"} 
[2020-12-01 10:43:48] local.DEBUG: SQL {"sql":"select `users`.*, `relations`.`followed_id` as `pivot_followed_id`, `relations`.`user_id` as `pivot_user_id` from `users` inner join `relations` on `users`.`id` = `relations`.`user_id` where `relations`.`followed_id` in (1) and `users`.`deleted_at` is null","time":"0.97 ms"} 
[2020-12-01 10:43:49] local.DEBUG: SQL {"sql":"select * from `users` where `id` = 1 and `users`.`deleted_at` is null limit 1","time":"9.82 ms"} 
[2020-12-01 10:43:50] local.DEBUG: SQL {"sql":"select * from `steps` where `steps`.`user_id` = 1 and `steps`.`user_id` is not null and `steps`.`deleted_at` is null order by `created_at` desc limit 10 offset 0","time":"3.73 ms"} 
[2020-12-01 10:43:50] local.DEBUG: SQL {"sql":"select * from `categories` where `categories`.`id` in (2, 3)","time":"1.22 ms"} 
[2020-12-01 10:43:50] local.DEBUG: SQL {"sql":"select * from `users` where `users`.`id` in (1) and `users`.`deleted_at` is null","time":"2.86 ms"} 
[2020-12-01 10:45:46] local.DEBUG: SQL {"sql":"select * from `users` where `id` = 1 and `users`.`deleted_at` is null limit 1","time":"21.3 ms"} 
[2020-12-01 10:45:46] local.DEBUG: SQL {"sql":"select `users`.*, `relations`.`user_id` as `pivot_user_id`, `relations`.`followed_id` as `pivot_followed_id` from `users` inner join `relations` on `users`.`id` = `relations`.`followed_id` where `relations`.`user_id` in (1) and `users`.`deleted_at` is null","time":"2 ms"} 
[2020-12-01 10:45:46] local.DEBUG: SQL {"sql":"select `users`.*, `relations`.`followed_id` as `pivot_followed_id`, `relations`.`user_id` as `pivot_user_id` from `users` inner join `relations` on `users`.`id` = `relations`.`user_id` where `relations`.`followed_id` in (1) and `users`.`deleted_at` is null","time":"1.55 ms"} 
[2020-12-01 10:45:48] local.DEBUG: SQL {"sql":"select * from `users` where `id` = 1 and `users`.`deleted_at` is null limit 1","time":"29.79 ms"} 
[2020-12-01 10:45:48] local.DEBUG: SQL {"sql":"select * from `steps` where `steps`.`user_id` = 1 and `steps`.`user_id` is not null and `steps`.`deleted_at` is null order by `created_at` desc limit 10 offset 0","time":"2.42 ms"} 
[2020-12-01 10:45:48] local.DEBUG: SQL {"sql":"select * from `categories` where `categories`.`id` in (2, 3)","time":"2.57 ms"} 
[2020-12-01 10:45:48] local.DEBUG: SQL {"sql":"select * from `users` where `users`.`id` in (1) and `users`.`deleted_at` is null","time":"1.78 ms"} 
